<?xml version="1.0" encoding="UTF-8"?>
<testsuites>
  <testsuite name="" tests="222" assertions="316" errors="0" warnings="1" failures="0" skipped="0" time="2.044718">
    <testsuite name="Tests" tests="222" assertions="316" errors="0" warnings="1" failures="0" skipped="0" time="2.044718">
      <testsuite name="Slothsoft\Core\BootstrapTest" file="C:\Users\Daniel.KDG\Desktop\Eclipse\slothsoft-core\tests\BootstrapTest.php" tests="1" assertions="1" errors="0" warnings="0" failures="0" skipped="0" time="0.003065">
        <testcase name="testNormalizeSlashes" class="Slothsoft\Core\BootstrapTest" classname="Slothsoft.Core.BootstrapTest" file="C:\Users\Daniel.KDG\Desktop\Eclipse\slothsoft-core\tests\BootstrapTest.php" line="9" assertions="1" time="0.003065"/>
      </testsuite>
      <testsuite name="Slothsoft\Core\CLITest" file="C:\Users\Daniel.KDG\Desktop\Eclipse\slothsoft-core\tests\CLITest.php" tests="11" assertions="15" errors="0" warnings="0" failures="0" skipped="0" time="0.650731">
        <testcase name="testDefaultTotalTimeout" class="Slothsoft\Core\CLITest" classname="Slothsoft.Core.CLITest" file="C:\Users\Daniel.KDG\Desktop\Eclipse\slothsoft-core\tests\CLITest.php" line="9" assertions="1" time="0.000281"/>
        <testcase name="testSetTotalTimeout" class="Slothsoft\Core\CLITest" classname="Slothsoft.Core.CLITest" file="C:\Users\Daniel.KDG\Desktop\Eclipse\slothsoft-core\tests\CLITest.php" line="13" assertions="1" time="0.000063"/>
        <testcase name="testDefaultIdleTimeout" class="Slothsoft\Core\CLITest" classname="Slothsoft.Core.CLITest" file="C:\Users\Daniel.KDG\Desktop\Eclipse\slothsoft-core\tests\CLITest.php" line="18" assertions="1" time="0.000055"/>
        <testcase name="testSetIdleTimeout" class="Slothsoft\Core\CLITest" classname="Slothsoft.Core.CLITest" file="C:\Users\Daniel.KDG\Desktop\Eclipse\slothsoft-core\tests\CLITest.php" line="22" assertions="1" time="0.000055"/>
        <testcase name="testDefaultStdOut" class="Slothsoft\Core\CLITest" classname="Slothsoft.Core.CLITest" file="C:\Users\Daniel.KDG\Desktop\Eclipse\slothsoft-core\tests\CLITest.php" line="27" assertions="1" time="0.000049"/>
        <testcase name="testDefaultStdErr" class="Slothsoft\Core\CLITest" classname="Slothsoft.Core.CLITest" file="C:\Users\Daniel.KDG\Desktop\Eclipse\slothsoft-core\tests\CLITest.php" line="31" assertions="1" time="0.000049"/>
        <testcase name="testSetStdOut" class="Slothsoft\Core\CLITest" classname="Slothsoft.Core.CLITest" file="C:\Users\Daniel.KDG\Desktop\Eclipse\slothsoft-core\tests\CLITest.php" line="35" assertions="1" time="0.000575"/>
        <testcase name="testSetStdErr" class="Slothsoft\Core\CLITest" classname="Slothsoft.Core.CLITest" file="C:\Users\Daniel.KDG\Desktop\Eclipse\slothsoft-core\tests\CLITest.php" line="41" assertions="1" time="0.000450"/>
        <testcase name="testBasicExecute" class="Slothsoft\Core\CLITest" classname="Slothsoft.Core.CLITest" file="C:\Users\Daniel.KDG\Desktop\Eclipse\slothsoft-core\tests\CLITest.php" line="47" assertions="3" time="0.212407"/>
        <testcase name="testExecuteWithTotalTimeout" class="Slothsoft\Core\CLITest" classname="Slothsoft.Core.CLITest" file="C:\Users\Daniel.KDG\Desktop\Eclipse\slothsoft-core\tests\CLITest.php" line="65" assertions="2" time="0.218815"/>
        <testcase name="testExecuteWithIdleTimeout" class="Slothsoft\Core\CLITest" classname="Slothsoft.Core.CLITest" file="C:\Users\Daniel.KDG\Desktop\Eclipse\slothsoft-core\tests\CLITest.php" line="85" assertions="2" time="0.217932"/>
      </testsuite>
      <testsuite name="Slothsoft\Core\CacheDirectoryStorageTest" file="C:\Users\Daniel.KDG\Desktop\Eclipse\slothsoft-core\tests\CacheDirectoryStorageTest.php" tests="38" assertions="85" errors="0" warnings="0" failures="0" skipped="0" time="0.054736">
        <testcase name="testClassExists" class="Slothsoft\Core\CacheDirectoryStorageTest" classname="Slothsoft.Core.CacheDirectoryStorageTest" file="C:\Users\Daniel.KDG\Desktop\Eclipse\slothsoft-core\tests\CacheDirectoryStorageTest.php" line="15" assertions="1" time="0.000742"/>
        <testcase name="when_install_then_createDirectory" class="Slothsoft\Core\CacheDirectoryStorageTest" classname="Slothsoft.Core.CacheDirectoryStorageTest" file="C:\Users\Daniel.KDG\Desktop\Eclipse\slothsoft-core\tests\CacheDirectoryStorageTest.php" line="23" assertions="1" time="0.028841"/>
        <testcase name="given_store_when_delete_then_doStopExisting" class="Slothsoft\Core\CacheDirectoryStorageTest" classname="Slothsoft.Core.CacheDirectoryStorageTest" file="C:\Users\Daniel.KDG\Desktop\Eclipse\slothsoft-core\tests\CacheDirectoryStorageTest.php" line="38" assertions="4" time="0.002303"/>
        <testsuite name="Slothsoft\Core\CacheDirectoryStorageTest::given_store_when_retrieve_then_return" tests="5" assertions="10" errors="0" warnings="0" failures="0" skipped="0" time="0.004326">
          <testcase name="given_store_when_retrieve_then_return with data set &quot;same retrieve time works&quot;" class="Slothsoft\Core\CacheDirectoryStorageTest" classname="Slothsoft.Core.CacheDirectoryStorageTest" file="C:\Users\Daniel.KDG\Desktop\Eclipse\slothsoft-core\tests\CacheDirectoryStorageTest.php" line="57" assertions="2" time="0.001256"/>
          <testcase name="given_store_when_retrieve_then_return with data set &quot;older retrieve time works&quot;" class="Slothsoft\Core\CacheDirectoryStorageTest" classname="Slothsoft.Core.CacheDirectoryStorageTest" file="C:\Users\Daniel.KDG\Desktop\Eclipse\slothsoft-core\tests\CacheDirectoryStorageTest.php" line="57" assertions="2" time="0.000596"/>
          <testcase name="given_store_when_retrieve_then_return with data set &quot;newer retrieve time is null&quot;" class="Slothsoft\Core\CacheDirectoryStorageTest" classname="Slothsoft.Core.CacheDirectoryStorageTest" file="C:\Users\Daniel.KDG\Desktop\Eclipse\slothsoft-core\tests\CacheDirectoryStorageTest.php" line="57" assertions="2" time="0.000529"/>
          <testcase name="given_store_when_retrieve_then_return with data set &quot;unknown key is null&quot;" class="Slothsoft\Core\CacheDirectoryStorageTest" classname="Slothsoft.Core.CacheDirectoryStorageTest" file="C:\Users\Daniel.KDG\Desktop\Eclipse\slothsoft-core\tests\CacheDirectoryStorageTest.php" line="57" assertions="2" time="0.000876"/>
          <testcase name="given_store_when_retrieve_then_return with data set &quot;can store empty string&quot;" class="Slothsoft\Core\CacheDirectoryStorageTest" classname="Slothsoft.Core.CacheDirectoryStorageTest" file="C:\Users\Daniel.KDG\Desktop\Eclipse\slothsoft-core\tests\CacheDirectoryStorageTest.php" line="57" assertions="2" time="0.001069"/>
        </testsuite>
        <testsuite name="Slothsoft\Core\CacheDirectoryStorageTest::given_store_when_exists_then_return" tests="5" assertions="10" errors="0" warnings="0" failures="0" skipped="0" time="0.002573">
          <testcase name="given_store_when_exists_then_return with data set &quot;same retrieve time works&quot;" class="Slothsoft\Core\CacheDirectoryStorageTest" classname="Slothsoft.Core.CacheDirectoryStorageTest" file="C:\Users\Daniel.KDG\Desktop\Eclipse\slothsoft-core\tests\CacheDirectoryStorageTest.php" line="71" assertions="2" time="0.000571"/>
          <testcase name="given_store_when_exists_then_return with data set &quot;older retrieve time works&quot;" class="Slothsoft\Core\CacheDirectoryStorageTest" classname="Slothsoft.Core.CacheDirectoryStorageTest" file="C:\Users\Daniel.KDG\Desktop\Eclipse\slothsoft-core\tests\CacheDirectoryStorageTest.php" line="71" assertions="2" time="0.000511"/>
          <testcase name="given_store_when_exists_then_return with data set &quot;newer retrieve time is null&quot;" class="Slothsoft\Core\CacheDirectoryStorageTest" classname="Slothsoft.Core.CacheDirectoryStorageTest" file="C:\Users\Daniel.KDG\Desktop\Eclipse\slothsoft-core\tests\CacheDirectoryStorageTest.php" line="71" assertions="2" time="0.000511"/>
          <testcase name="given_store_when_exists_then_return with data set &quot;unknown key is null&quot;" class="Slothsoft\Core\CacheDirectoryStorageTest" classname="Slothsoft.Core.CacheDirectoryStorageTest" file="C:\Users\Daniel.KDG\Desktop\Eclipse\slothsoft-core\tests\CacheDirectoryStorageTest.php" line="71" assertions="2" time="0.000521"/>
          <testcase name="given_store_when_exists_then_return with data set &quot;can store empty string&quot;" class="Slothsoft\Core\CacheDirectoryStorageTest" classname="Slothsoft.Core.CacheDirectoryStorageTest" file="C:\Users\Daniel.KDG\Desktop\Eclipse\slothsoft-core\tests\CacheDirectoryStorageTest.php" line="71" assertions="2" time="0.000460"/>
        </testsuite>
        <testsuite name="Slothsoft\Core\CacheDirectoryStorageTest::given_storeXML_when_retrieveXML_then_return" tests="4" assertions="10" errors="0" warnings="0" failures="0" skipped="0" time="0.002945">
          <testcase name="given_storeXML_when_retrieveXML_then_return with data set &quot;same retrieve time works&quot;" class="Slothsoft\Core\CacheDirectoryStorageTest" classname="Slothsoft.Core.CacheDirectoryStorageTest" file="C:\Users\Daniel.KDG\Desktop\Eclipse\slothsoft-core\tests\CacheDirectoryStorageTest.php" line="138" assertions="3" time="0.001299"/>
          <testcase name="given_storeXML_when_retrieveXML_then_return with data set &quot;older retrieve time works&quot;" class="Slothsoft\Core\CacheDirectoryStorageTest" classname="Slothsoft.Core.CacheDirectoryStorageTest" file="C:\Users\Daniel.KDG\Desktop\Eclipse\slothsoft-core\tests\CacheDirectoryStorageTest.php" line="138" assertions="3" time="0.000622"/>
          <testcase name="given_storeXML_when_retrieveXML_then_return with data set &quot;newer retrieve time is null&quot;" class="Slothsoft\Core\CacheDirectoryStorageTest" classname="Slothsoft.Core.CacheDirectoryStorageTest" file="C:\Users\Daniel.KDG\Desktop\Eclipse\slothsoft-core\tests\CacheDirectoryStorageTest.php" line="138" assertions="2" time="0.000526"/>
          <testcase name="given_storeXML_when_retrieveXML_then_return with data set &quot;unknown key is null&quot;" class="Slothsoft\Core\CacheDirectoryStorageTest" classname="Slothsoft.Core.CacheDirectoryStorageTest" file="C:\Users\Daniel.KDG\Desktop\Eclipse\slothsoft-core\tests\CacheDirectoryStorageTest.php" line="138" assertions="2" time="0.000498"/>
        </testsuite>
        <testsuite name="Slothsoft\Core\CacheDirectoryStorageTest::given_storeXML_when_exists_then_return" tests="4" assertions="8" errors="0" warnings="0" failures="0" skipped="0" time="0.002137">
          <testcase name="given_storeXML_when_exists_then_return with data set &quot;same retrieve time works&quot;" class="Slothsoft\Core\CacheDirectoryStorageTest" classname="Slothsoft.Core.CacheDirectoryStorageTest" file="C:\Users\Daniel.KDG\Desktop\Eclipse\slothsoft-core\tests\CacheDirectoryStorageTest.php" line="162" assertions="2" time="0.000573"/>
          <testcase name="given_storeXML_when_exists_then_return with data set &quot;older retrieve time works&quot;" class="Slothsoft\Core\CacheDirectoryStorageTest" classname="Slothsoft.Core.CacheDirectoryStorageTest" file="C:\Users\Daniel.KDG\Desktop\Eclipse\slothsoft-core\tests\CacheDirectoryStorageTest.php" line="162" assertions="2" time="0.000520"/>
          <testcase name="given_storeXML_when_exists_then_return with data set &quot;newer retrieve time is null&quot;" class="Slothsoft\Core\CacheDirectoryStorageTest" classname="Slothsoft.Core.CacheDirectoryStorageTest" file="C:\Users\Daniel.KDG\Desktop\Eclipse\slothsoft-core\tests\CacheDirectoryStorageTest.php" line="162" assertions="2" time="0.000548"/>
          <testcase name="given_storeXML_when_exists_then_return with data set &quot;unknown key is null&quot;" class="Slothsoft\Core\CacheDirectoryStorageTest" classname="Slothsoft.Core.CacheDirectoryStorageTest" file="C:\Users\Daniel.KDG\Desktop\Eclipse\slothsoft-core\tests\CacheDirectoryStorageTest.php" line="162" assertions="2" time="0.000496"/>
        </testsuite>
        <testsuite name="Slothsoft\Core\CacheDirectoryStorageTest::given_storeDocument_when_retrieveDocument_then_return" tests="4" assertions="10" errors="0" warnings="0" failures="0" skipped="0" time="0.002396">
          <testcase name="given_storeDocument_when_retrieveDocument_then_return with data set &quot;same retrieve time works&quot;" class="Slothsoft\Core\CacheDirectoryStorageTest" classname="Slothsoft.Core.CacheDirectoryStorageTest" file="C:\Users\Daniel.KDG\Desktop\Eclipse\slothsoft-core\tests\CacheDirectoryStorageTest.php" line="183" assertions="3" time="0.000783"/>
          <testcase name="given_storeDocument_when_retrieveDocument_then_return with data set &quot;older retrieve time works&quot;" class="Slothsoft\Core\CacheDirectoryStorageTest" classname="Slothsoft.Core.CacheDirectoryStorageTest" file="C:\Users\Daniel.KDG\Desktop\Eclipse\slothsoft-core\tests\CacheDirectoryStorageTest.php" line="183" assertions="3" time="0.000668"/>
          <testcase name="given_storeDocument_when_retrieveDocument_then_return with data set &quot;newer retrieve time is null&quot;" class="Slothsoft\Core\CacheDirectoryStorageTest" classname="Slothsoft.Core.CacheDirectoryStorageTest" file="C:\Users\Daniel.KDG\Desktop\Eclipse\slothsoft-core\tests\CacheDirectoryStorageTest.php" line="183" assertions="2" time="0.000472"/>
          <testcase name="given_storeDocument_when_retrieveDocument_then_return with data set &quot;unknown key is null&quot;" class="Slothsoft\Core\CacheDirectoryStorageTest" classname="Slothsoft.Core.CacheDirectoryStorageTest" file="C:\Users\Daniel.KDG\Desktop\Eclipse\slothsoft-core\tests\CacheDirectoryStorageTest.php" line="183" assertions="2" time="0.000473"/>
        </testsuite>
        <testsuite name="Slothsoft\Core\CacheDirectoryStorageTest::given_storeDocument_when_exists_then_return" tests="4" assertions="8" errors="0" warnings="0" failures="0" skipped="0" time="0.001936">
          <testcase name="given_storeDocument_when_exists_then_return with data set &quot;same retrieve time works&quot;" class="Slothsoft\Core\CacheDirectoryStorageTest" classname="Slothsoft.Core.CacheDirectoryStorageTest" file="C:\Users\Daniel.KDG\Desktop\Eclipse\slothsoft-core\tests\CacheDirectoryStorageTest.php" line="212" assertions="2" time="0.000530"/>
          <testcase name="given_storeDocument_when_exists_then_return with data set &quot;older retrieve time works&quot;" class="Slothsoft\Core\CacheDirectoryStorageTest" classname="Slothsoft.Core.CacheDirectoryStorageTest" file="C:\Users\Daniel.KDG\Desktop\Eclipse\slothsoft-core\tests\CacheDirectoryStorageTest.php" line="212" assertions="2" time="0.000471"/>
          <testcase name="given_storeDocument_when_exists_then_return with data set &quot;newer retrieve time is null&quot;" class="Slothsoft\Core\CacheDirectoryStorageTest" classname="Slothsoft.Core.CacheDirectoryStorageTest" file="C:\Users\Daniel.KDG\Desktop\Eclipse\slothsoft-core\tests\CacheDirectoryStorageTest.php" line="212" assertions="2" time="0.000465"/>
          <testcase name="given_storeDocument_when_exists_then_return with data set &quot;unknown key is null&quot;" class="Slothsoft\Core\CacheDirectoryStorageTest" classname="Slothsoft.Core.CacheDirectoryStorageTest" file="C:\Users\Daniel.KDG\Desktop\Eclipse\slothsoft-core\tests\CacheDirectoryStorageTest.php" line="212" assertions="2" time="0.000470"/>
        </testsuite>
        <testsuite name="Slothsoft\Core\CacheDirectoryStorageTest::given_storeJSON_when_retrieveJSON_then_return" tests="4" assertions="12" errors="0" warnings="0" failures="0" skipped="0" time="0.002798">
          <testcase name="given_storeJSON_when_retrieveJSON_then_return with data set &quot;same retrieve time works&quot;" class="Slothsoft\Core\CacheDirectoryStorageTest" classname="Slothsoft.Core.CacheDirectoryStorageTest" file="C:\Users\Daniel.KDG\Desktop\Eclipse\slothsoft-core\tests\CacheDirectoryStorageTest.php" line="275" assertions="4" time="0.001156"/>
          <testcase name="given_storeJSON_when_retrieveJSON_then_return with data set &quot;older retrieve time works&quot;" class="Slothsoft\Core\CacheDirectoryStorageTest" classname="Slothsoft.Core.CacheDirectoryStorageTest" file="C:\Users\Daniel.KDG\Desktop\Eclipse\slothsoft-core\tests\CacheDirectoryStorageTest.php" line="275" assertions="4" time="0.000618"/>
          <testcase name="given_storeJSON_when_retrieveJSON_then_return with data set &quot;newer retrieve time is null&quot;" class="Slothsoft\Core\CacheDirectoryStorageTest" classname="Slothsoft.Core.CacheDirectoryStorageTest" file="C:\Users\Daniel.KDG\Desktop\Eclipse\slothsoft-core\tests\CacheDirectoryStorageTest.php" line="275" assertions="2" time="0.000533"/>
          <testcase name="given_storeJSON_when_retrieveJSON_then_return with data set &quot;unknown key is null&quot;" class="Slothsoft\Core\CacheDirectoryStorageTest" classname="Slothsoft.Core.CacheDirectoryStorageTest" file="C:\Users\Daniel.KDG\Desktop\Eclipse\slothsoft-core\tests\CacheDirectoryStorageTest.php" line="275" assertions="2" time="0.000492"/>
        </testsuite>
        <testsuite name="Slothsoft\Core\CacheDirectoryStorageTest::given_storeJSON_when_exists_then_return" tests="4" assertions="8" errors="0" warnings="0" failures="0" skipped="0" time="0.002077">
          <testcase name="given_storeJSON_when_exists_then_return with data set &quot;same retrieve time works&quot;" class="Slothsoft\Core\CacheDirectoryStorageTest" classname="Slothsoft.Core.CacheDirectoryStorageTest" file="C:\Users\Daniel.KDG\Desktop\Eclipse\slothsoft-core\tests\CacheDirectoryStorageTest.php" line="295" assertions="2" time="0.000555"/>
          <testcase name="given_storeJSON_when_exists_then_return with data set &quot;older retrieve time works&quot;" class="Slothsoft\Core\CacheDirectoryStorageTest" classname="Slothsoft.Core.CacheDirectoryStorageTest" file="C:\Users\Daniel.KDG\Desktop\Eclipse\slothsoft-core\tests\CacheDirectoryStorageTest.php" line="295" assertions="2" time="0.000522"/>
          <testcase name="given_storeJSON_when_exists_then_return with data set &quot;newer retrieve time is null&quot;" class="Slothsoft\Core\CacheDirectoryStorageTest" classname="Slothsoft.Core.CacheDirectoryStorageTest" file="C:\Users\Daniel.KDG\Desktop\Eclipse\slothsoft-core\tests\CacheDirectoryStorageTest.php" line="295" assertions="2" time="0.000524"/>
          <testcase name="given_storeJSON_when_exists_then_return with data set &quot;unknown key is null&quot;" class="Slothsoft\Core\CacheDirectoryStorageTest" classname="Slothsoft.Core.CacheDirectoryStorageTest" file="C:\Users\Daniel.KDG\Desktop\Eclipse\slothsoft-core\tests\CacheDirectoryStorageTest.php" line="295" assertions="2" time="0.000477"/>
        </testsuite>
        <testcase name="given_retrieveJSON_when_invalidJSON_then_delete" class="Slothsoft\Core\CacheDirectoryStorageTest" classname="Slothsoft.Core.CacheDirectoryStorageTest" file="C:\Users\Daniel.KDG\Desktop\Eclipse\slothsoft-core\tests\CacheDirectoryStorageTest.php" line="312" assertions="3" time="0.001662"/>
      </testsuite>
      <testsuite name="Slothsoft\Core\Calendar\DateTimeFormatterTest" file="C:\Users\Daniel.KDG\Desktop\Eclipse\slothsoft-core\tests\Calendar\DateTimeFormatterTest.php" tests="1" assertions="1" errors="0" warnings="0" failures="0" skipped="0" time="0.000291">
        <testcase name="testClassExists" class="Slothsoft\Core\Calendar\DateTimeFormatterTest" classname="Slothsoft.Core.Calendar.DateTimeFormatterTest" file="C:\Users\Daniel.KDG\Desktop\Eclipse\slothsoft-core\tests\Calendar\DateTimeFormatterTest.php" line="16" assertions="1" time="0.000291"/>
      </testsuite>
      <testsuite name="Slothsoft\Core\Calendar\SecondsTest" file="C:\Users\Daniel.KDG\Desktop\Eclipse\slothsoft-core\tests\Calendar\SecondsTest.php" tests="1" assertions="1" errors="0" warnings="0" failures="0" skipped="0" time="0.000184">
        <testcase name="testClassExists" class="Slothsoft\Core\Calendar\SecondsTest" classname="Slothsoft.Core.Calendar.SecondsTest" file="C:\Users\Daniel.KDG\Desktop\Eclipse\slothsoft-core\tests\Calendar\SecondsTest.php" line="16" assertions="1" time="0.000184"/>
      </testsuite>
      <testsuite name="Slothsoft\Core\CascadingDictionaryTest" file="C:\Users\Daniel.KDG\Desktop\Eclipse\slothsoft-core\tests\CascadingDictionaryTest.php" tests="6" assertions="21" errors="0" warnings="0" failures="0" skipped="0" time="0.000553">
        <testcase name="testGetIterator" class="Slothsoft\Core\CascadingDictionaryTest" classname="Slothsoft.Core.CascadingDictionaryTest" file="C:\Users\Daniel.KDG\Desktop\Eclipse\slothsoft-core\tests\CascadingDictionaryTest.php" line="13" assertions="1" time="0.000250"/>
        <testcase name="testIsset" class="Slothsoft\Core\CascadingDictionaryTest" classname="Slothsoft.Core.CascadingDictionaryTest" file="C:\Users\Daniel.KDG\Desktop\Eclipse\slothsoft-core\tests\CascadingDictionaryTest.php" line="29" assertions="2" time="0.000066"/>
        <testcase name="testUnset" class="Slothsoft\Core\CascadingDictionaryTest" classname="Slothsoft.Core.CascadingDictionaryTest" file="C:\Users\Daniel.KDG\Desktop\Eclipse\slothsoft-core\tests\CascadingDictionaryTest.php" line="42" assertions="2" time="0.000056"/>
        <testcase name="testCascadingIsset" class="Slothsoft\Core\CascadingDictionaryTest" classname="Slothsoft.Core.CascadingDictionaryTest" file="C:\Users\Daniel.KDG\Desktop\Eclipse\slothsoft-core\tests\CascadingDictionaryTest.php" line="58" assertions="3" time="0.000056"/>
        <testcase name="testCascadingValue" class="Slothsoft\Core\CascadingDictionaryTest" classname="Slothsoft.Core.CascadingDictionaryTest" file="C:\Users\Daniel.KDG\Desktop\Eclipse\slothsoft-core\tests\CascadingDictionaryTest.php" line="74" assertions="6" time="0.000062"/>
        <testcase name="testCascadingGetIterator" class="Slothsoft\Core\CascadingDictionaryTest" classname="Slothsoft.Core.CascadingDictionaryTest" file="C:\Users\Daniel.KDG\Desktop\Eclipse\slothsoft-core\tests\CascadingDictionaryTest.php" line="100" assertions="7" time="0.000061"/>
      </testsuite>
      <testsuite name="Slothsoft\Core\CloudFlareScraperTest" file="C:\Users\Daniel.KDG\Desktop\Eclipse\slothsoft-core\tests\CloudFlareScraperTest.php" tests="1" assertions="1" errors="0" warnings="0" failures="0" skipped="0" time="0.000289">
        <testcase name="testClassExists" class="Slothsoft\Core\CloudFlareScraperTest" classname="Slothsoft.Core.CloudFlareScraperTest" file="C:\Users\Daniel.KDG\Desktop\Eclipse\slothsoft-core\tests\CloudFlareScraperTest.php" line="16" assertions="1" time="0.000289"/>
      </testsuite>
      <testsuite name="Slothsoft\Core\Configuration\ConfigurationFieldTest" file="C:\Users\Daniel.KDG\Desktop\Eclipse\slothsoft-core\tests\Configuration\ConfigurationFieldTest.php" tests="1" assertions="1" errors="0" warnings="0" failures="0" skipped="0" time="0.000054">
        <testcase name="testClassExists" class="Slothsoft\Core\Configuration\ConfigurationFieldTest" classname="Slothsoft.Core.Configuration.ConfigurationFieldTest" file="C:\Users\Daniel.KDG\Desktop\Eclipse\slothsoft-core\tests\Configuration\ConfigurationFieldTest.php" line="16" assertions="1" time="0.000054"/>
      </testsuite>
      <testsuite name="Slothsoft\Core\Configuration\ConfigurationRequiredExceptionTest" file="C:\Users\Daniel.KDG\Desktop\Eclipse\slothsoft-core\tests\Configuration\ConfigurationRequiredExceptionTest.php" tests="1" assertions="1" errors="0" warnings="0" failures="0" skipped="0" time="0.000308">
        <testcase name="testClassExists" class="Slothsoft\Core\Configuration\ConfigurationRequiredExceptionTest" classname="Slothsoft.Core.Configuration.ConfigurationRequiredExceptionTest" file="C:\Users\Daniel.KDG\Desktop\Eclipse\slothsoft-core\tests\Configuration\ConfigurationRequiredExceptionTest.php" line="16" assertions="1" time="0.000308"/>
      </testsuite>
      <testsuite name="Slothsoft\Core\Configuration\DirectoryConfigurationFieldTest" file="C:\Users\Daniel.KDG\Desktop\Eclipse\slothsoft-core\tests\Configuration\DirectoryConfigurationFieldTest.php" tests="1" assertions="1" errors="0" warnings="0" failures="0" skipped="0" time="0.000058">
        <testcase name="testClassExists" class="Slothsoft\Core\Configuration\DirectoryConfigurationFieldTest" classname="Slothsoft.Core.Configuration.DirectoryConfigurationFieldTest" file="C:\Users\Daniel.KDG\Desktop\Eclipse\slothsoft-core\tests\Configuration\DirectoryConfigurationFieldTest.php" line="16" assertions="1" time="0.000058"/>
      </testsuite>
      <testsuite name="Slothsoft\Core\Configuration\FileConfigurationFieldTest" file="C:\Users\Daniel.KDG\Desktop\Eclipse\slothsoft-core\tests\Configuration\FileConfigurationFieldTest.php" tests="1" assertions="1" errors="0" warnings="0" failures="0" skipped="0" time="0.000208">
        <testcase name="testClassExists" class="Slothsoft\Core\Configuration\FileConfigurationFieldTest" classname="Slothsoft.Core.Configuration.FileConfigurationFieldTest" file="C:\Users\Daniel.KDG\Desktop\Eclipse\slothsoft-core\tests\Configuration\FileConfigurationFieldTest.php" line="16" assertions="1" time="0.000208"/>
      </testsuite>
      <testsuite name="Slothsoft\Core\DBMS\AuthorityTest" file="C:\Users\Daniel.KDG\Desktop\Eclipse\slothsoft-core\tests\DBMS\AuthorityTest.php" tests="1" assertions="1" errors="0" warnings="0" failures="0" skipped="0" time="0.000222">
        <testcase name="testClassExists" class="Slothsoft\Core\DBMS\AuthorityTest" classname="Slothsoft.Core.DBMS.AuthorityTest" file="C:\Users\Daniel.KDG\Desktop\Eclipse\slothsoft-core\tests\DBMS\AuthorityTest.php" line="16" assertions="1" time="0.000222"/>
      </testsuite>
      <testsuite name="Slothsoft\Core\DBMS\ClientTest" file="C:\Users\Daniel.KDG\Desktop\Eclipse\slothsoft-core\tests\DBMS\ClientTest.php" tests="4" assertions="8" errors="0" warnings="0" failures="0" skipped="0" time="0.002088">
        <testcase name="testClassExists" class="Slothsoft\Core\DBMS\ClientTest" classname="Slothsoft.Core.DBMS.ClientTest" file="C:\Users\Daniel.KDG\Desktop\Eclipse\slothsoft-core\tests\DBMS\ClientTest.php" line="17" assertions="1" time="0.000586"/>
        <testcase name="testConfigurationRequired" class="Slothsoft\Core\DBMS\ClientTest" classname="Slothsoft.Core.DBMS.ClientTest" file="C:\Users\Daniel.KDG\Desktop\Eclipse\slothsoft-core\tests\DBMS\ClientTest.php" line="21" assertions="1" time="0.000716"/>
        <testcase name="testEnvironmentVariable" class="Slothsoft\Core\DBMS\ClientTest" classname="Slothsoft.Core.DBMS.ClientTest" file="C:\Users\Daniel.KDG\Desktop\Eclipse\slothsoft-core\tests\DBMS\ClientTest.php" line="34" assertions="3" time="0.000099"/>
        <testcase name="testEnvironmentVariableFile" class="Slothsoft\Core\DBMS\ClientTest" classname="Slothsoft.Core.DBMS.ClientTest" file="C:\Users\Daniel.KDG\Desktop\Eclipse\slothsoft-core\tests\DBMS\ClientTest.php" line="51" assertions="3" time="0.000686"/>
      </testsuite>
      <testsuite name="Slothsoft\Core\DBMS\DatabaseExceptionTest" file="C:\Users\Daniel.KDG\Desktop\Eclipse\slothsoft-core\tests\DBMS\DatabaseExceptionTest.php" tests="1" assertions="1" errors="0" warnings="0" failures="0" skipped="0" time="0.000184">
        <testcase name="testClassExists" class="Slothsoft\Core\DBMS\DatabaseExceptionTest" classname="Slothsoft.Core.DBMS.DatabaseExceptionTest" file="C:\Users\Daniel.KDG\Desktop\Eclipse\slothsoft-core\tests\DBMS\DatabaseExceptionTest.php" line="16" assertions="1" time="0.000184"/>
      </testsuite>
      <testsuite name="Slothsoft\Core\DBMS\DatabaseTest" file="C:\Users\Daniel.KDG\Desktop\Eclipse\slothsoft-core\tests\DBMS\DatabaseTest.php" tests="1" assertions="1" errors="0" warnings="0" failures="0" skipped="0" time="0.000267">
        <testcase name="testClassExists" class="Slothsoft\Core\DBMS\DatabaseTest" classname="Slothsoft.Core.DBMS.DatabaseTest" file="C:\Users\Daniel.KDG\Desktop\Eclipse\slothsoft-core\tests\DBMS\DatabaseTest.php" line="16" assertions="1" time="0.000267"/>
      </testsuite>
      <testsuite name="Slothsoft\Core\DBMS\ManagerTest" file="C:\Users\Daniel.KDG\Desktop\Eclipse\slothsoft-core\tests\DBMS\ManagerTest.php" tests="1" assertions="1" errors="0" warnings="0" failures="0" skipped="0" time="0.000279">
        <testcase name="testClassExists" class="Slothsoft\Core\DBMS\ManagerTest" classname="Slothsoft.Core.DBMS.ManagerTest" file="C:\Users\Daniel.KDG\Desktop\Eclipse\slothsoft-core\tests\DBMS\ManagerTest.php" line="16" assertions="1" time="0.000279"/>
      </testsuite>
      <testsuite name="Slothsoft\Core\DBMS\TableTest" file="C:\Users\Daniel.KDG\Desktop\Eclipse\slothsoft-core\tests\DBMS\TableTest.php" tests="1" assertions="1" errors="0" warnings="0" failures="0" skipped="0" time="0.000221">
        <testcase name="testClassExists" class="Slothsoft\Core\DBMS\TableTest" classname="Slothsoft.Core.DBMS.TableTest" file="C:\Users\Daniel.KDG\Desktop\Eclipse\slothsoft-core\tests\DBMS\TableTest.php" line="16" assertions="1" time="0.000221"/>
      </testsuite>
      <testsuite name="Slothsoft\Core\DOMHelperTest" file="C:\Users\Daniel.KDG\Desktop\Eclipse\slothsoft-core\tests\DOMHelperTest.php" tests="2" assertions="5" errors="0" warnings="0" failures="0" skipped="0" time="0.001349">
        <testcase name="testParseFragment" class="Slothsoft\Core\DOMHelperTest" classname="Slothsoft.Core.DOMHelperTest" file="C:\Users\Daniel.KDG\Desktop\Eclipse\slothsoft-core\tests\DOMHelperTest.php" line="21" assertions="2" time="0.000069"/>
        <testcase name="testTransformDocuments" class="Slothsoft\Core\DOMHelperTest" classname="Slothsoft.Core.DOMHelperTest" file="C:\Users\Daniel.KDG\Desktop\Eclipse\slothsoft-core\tests\DOMHelperTest.php" line="33" assertions="3" time="0.001280"/>
      </testsuite>
      <testsuite name="Slothsoft\Core\FileSystemTest" file="C:\Users\Daniel.KDG\Desktop\Eclipse\slothsoft-core\tests\FileSystemTest.php" tests="9" assertions="18" errors="0" warnings="1" failures="0" skipped="0" time="0.281962">
        <testcase name="testAsNode" class="Slothsoft\Core\FileSystemTest" classname="Slothsoft.Core.FileSystemTest" file="C:\Users\Daniel.KDG\Desktop\Eclipse\slothsoft-core\tests\FileSystemTest.php" line="11" assertions="2" time="0.101708"/>
        <testsuite name="Slothsoft\Core\FileSystemTest::testFilenameSanitize" tests="3" assertions="3" errors="0" warnings="0" failures="0" skipped="0" time="0.000193">
          <testcase name="testFilenameSanitize with data set #0" class="Slothsoft\Core\FileSystemTest" classname="Slothsoft.Core.FileSystemTest" file="C:\Users\Daniel.KDG\Desktop\Eclipse\slothsoft-core\tests\FileSystemTest.php" line="22" assertions="1" time="0.000153"/>
          <testcase name="testFilenameSanitize with data set #1" class="Slothsoft\Core\FileSystemTest" classname="Slothsoft.Core.FileSystemTest" file="C:\Users\Daniel.KDG\Desktop\Eclipse\slothsoft-core\tests\FileSystemTest.php" line="22" assertions="1" time="0.000021"/>
          <testcase name="testFilenameSanitize with data set #2" class="Slothsoft\Core\FileSystemTest" classname="Slothsoft.Core.FileSystemTest" file="C:\Users\Daniel.KDG\Desktop\Eclipse\slothsoft-core\tests\FileSystemTest.php" line="22" assertions="1" time="0.000018"/>
        </testsuite>
        <testcase name="testRemoveDirIncludingRoot" class="Slothsoft\Core\FileSystemTest" classname="Slothsoft.Core.FileSystemTest" file="C:\Users\Daniel.KDG\Desktop\Eclipse\slothsoft-core\tests\FileSystemTest.php" line="43" assertions="4" time="0.002137"/>
        <testcase name="testRemoveDirExcludingRoot" class="Slothsoft\Core\FileSystemTest" classname="Slothsoft.Core.FileSystemTest" file="C:\Users\Daniel.KDG\Desktop\Eclipse\slothsoft-core\tests\FileSystemTest.php" line="58" assertions="4" time="0.002733">
          <warning type="PHPUnit\Framework\Warning">Slothsoft\Core\FileSystemTest::testRemoveDirExcludingRoot
assertDirectoryNotExists() is deprecated and will be removed in PHPUnit 10. Refactor your code to use assertDirectoryDoesNotExist() instead.

phpvfscomposer://C:\Users\Daniel.KDG\Desktop\Eclipse\slothsoft-core\vendor\phpunit\phpunit\phpunit:106</warning>
        </testcase>
        <testsuite name="Slothsoft\Core\FileSystemTest::testCommandExist" tests="2" assertions="2" errors="0" warnings="0" failures="0" skipped="0" time="0.172712">
          <testcase name="testCommandExist with data set #0" class="Slothsoft\Core\FileSystemTest" classname="Slothsoft.Core.FileSystemTest" file="C:\Users\Daniel.KDG\Desktop\Eclipse\slothsoft-core\tests\FileSystemTest.php" line="77" assertions="1" time="0.080643"/>
          <testcase name="testCommandExist with data set #1" class="Slothsoft\Core\FileSystemTest" classname="Slothsoft.Core.FileSystemTest" file="C:\Users\Daniel.KDG\Desktop\Eclipse\slothsoft-core\tests\FileSystemTest.php" line="77" assertions="1" time="0.092069"/>
        </testsuite>
        <testcase name="testCopy" class="Slothsoft\Core\FileSystemTest" classname="Slothsoft.Core.FileSystemTest" file="C:\Users\Daniel.KDG\Desktop\Eclipse\slothsoft-core\tests\FileSystemTest.php" line="94" assertions="3" time="0.002478"/>
      </testsuite>
      <testsuite name="Slothsoft\Core\Game\DiceTest" file="C:\Users\Daniel.KDG\Desktop\Eclipse\slothsoft-core\tests\Game\DiceTest.php" tests="1" assertions="1" errors="0" warnings="0" failures="0" skipped="0" time="0.000440">
        <testcase name="testClassExists" class="Slothsoft\Core\Game\DiceTest" classname="Slothsoft.Core.Game.DiceTest" file="C:\Users\Daniel.KDG\Desktop\Eclipse\slothsoft-core\tests\Game\DiceTest.php" line="16" assertions="1" time="0.000440"/>
      </testsuite>
      <testsuite name="Slothsoft\Core\Game\NameTest" file="C:\Users\Daniel.KDG\Desktop\Eclipse\slothsoft-core\tests\Game\NameTest.php" tests="1" assertions="1" errors="0" warnings="0" failures="0" skipped="0" time="0.000285">
        <testcase name="testClassExists" class="Slothsoft\Core\Game\NameTest" classname="Slothsoft.Core.Game.NameTest" file="C:\Users\Daniel.KDG\Desktop\Eclipse\slothsoft-core\tests\Game\NameTest.php" line="16" assertions="1" time="0.000285"/>
      </testsuite>
      <testsuite name="Slothsoft\Core\Game\PrimeTest" file="C:\Users\Daniel.KDG\Desktop\Eclipse\slothsoft-core\tests\Game\PrimeTest.php" tests="1" assertions="1" errors="0" warnings="0" failures="0" skipped="0" time="0.000220">
        <testcase name="testClassExists" class="Slothsoft\Core\Game\PrimeTest" classname="Slothsoft.Core.Game.PrimeTest" file="C:\Users\Daniel.KDG\Desktop\Eclipse\slothsoft-core\tests\Game\PrimeTest.php" line="16" assertions="1" time="0.000220"/>
      </testsuite>
      <testsuite name="Slothsoft\Core\IO\FileInfoFactoryTest" file="C:\Users\Daniel.KDG\Desktop\Eclipse\slothsoft-core\tests\IO\FileInfoFactoryTest.php" tests="1" assertions="1" errors="0" warnings="0" failures="0" skipped="0" time="0.000277">
        <testcase name="testClassExists" class="Slothsoft\Core\IO\FileInfoFactoryTest" classname="Slothsoft.Core.IO.FileInfoFactoryTest" file="C:\Users\Daniel.KDG\Desktop\Eclipse\slothsoft-core\tests\IO\FileInfoFactoryTest.php" line="16" assertions="1" time="0.000277"/>
      </testsuite>
      <testsuite name="Slothsoft\Core\IO\FileInfoTest" file="C:\Users\Daniel.KDG\Desktop\Eclipse\slothsoft-core\tests\IO\FileInfoTest.php" tests="1" assertions="1" errors="0" warnings="0" failures="0" skipped="0" time="0.000532">
        <testcase name="testClassExists" class="Slothsoft\Core\IO\FileInfoTest" classname="Slothsoft.Core.IO.FileInfoTest" file="C:\Users\Daniel.KDG\Desktop\Eclipse\slothsoft-core\tests\IO\FileInfoTest.php" line="16" assertions="1" time="0.000532"/>
      </testsuite>
      <testsuite name="Slothsoft\Core\IO\HTTPFileTest" file="C:\Users\Daniel.KDG\Desktop\Eclipse\slothsoft-core\tests\IO\HTTPFileTest.php" tests="1" assertions="1" errors="0" warnings="0" failures="0" skipped="0" time="0.000407">
        <testcase name="testClassExists" class="Slothsoft\Core\IO\HTTPFileTest" classname="Slothsoft.Core.IO.HTTPFileTest" file="C:\Users\Daniel.KDG\Desktop\Eclipse\slothsoft-core\tests\IO\HTTPFileTest.php" line="16" assertions="1" time="0.000407"/>
      </testsuite>
      <testsuite name="Slothsoft\Core\IO\HTTPStreamTest" file="C:\Users\Daniel.KDG\Desktop\Eclipse\slothsoft-core\tests\IO\HTTPStreamTest.php" tests="1" assertions="1" errors="0" warnings="0" failures="0" skipped="0" time="0.000238">
        <testcase name="testClassExists" class="Slothsoft\Core\IO\HTTPStreamTest" classname="Slothsoft.Core.IO.HTTPStreamTest" file="C:\Users\Daniel.KDG\Desktop\Eclipse\slothsoft-core\tests\IO\HTTPStreamTest.php" line="16" assertions="1" time="0.000238"/>
      </testsuite>
      <testsuite name="Slothsoft\Core\IO\MemoryTest" file="C:\Users\Daniel.KDG\Desktop\Eclipse\slothsoft-core\tests\IO\MemoryTest.php" tests="1" assertions="1" errors="0" warnings="0" failures="0" skipped="0" time="0.000182">
        <testcase name="testClassExists" class="Slothsoft\Core\IO\MemoryTest" classname="Slothsoft.Core.IO.MemoryTest" file="C:\Users\Daniel.KDG\Desktop\Eclipse\slothsoft-core\tests\IO\MemoryTest.php" line="16" assertions="1" time="0.000182"/>
      </testsuite>
      <testsuite name="Slothsoft\Core\IO\Psr7\AbstractFilteredStreamTest" file="C:\Users\Daniel.KDG\Desktop\Eclipse\slothsoft-core\tests\IO\Psr7\AbstractFilteredStreamTest.php" tests="1" assertions="1" errors="0" warnings="0" failures="0" skipped="0" time="0.000902">
        <testcase name="testClassExists" class="Slothsoft\Core\IO\Psr7\AbstractFilteredStreamTest" classname="Slothsoft.Core.IO.Psr7.AbstractFilteredStreamTest" file="C:\Users\Daniel.KDG\Desktop\Eclipse\slothsoft-core\tests\IO\Psr7\AbstractFilteredStreamTest.php" line="16" assertions="1" time="0.000902"/>
      </testsuite>
      <testsuite name="Slothsoft\Core\IO\Psr7\AbstractFilteredStreamTestTest" file="C:\Users\Daniel.KDG\Desktop\Eclipse\slothsoft-core\tests\IO\Psr7\AbstractFilteredStreamTestTest.php" tests="1" assertions="1" errors="0" warnings="0" failures="0" skipped="0" time="0.000056">
        <testcase name="testClassExists" class="Slothsoft\Core\IO\Psr7\AbstractFilteredStreamTestTest" classname="Slothsoft.Core.IO.Psr7.AbstractFilteredStreamTestTest" file="C:\Users\Daniel.KDG\Desktop\Eclipse\slothsoft-core\tests\IO\Psr7\AbstractFilteredStreamTestTest.php" line="16" assertions="1" time="0.000056"/>
      </testsuite>
      <testsuite name="Slothsoft\Core\IO\Psr7\ChunkedFilteredStreamFactoryTest" file="C:\Users\Daniel.KDG\Desktop\Eclipse\slothsoft-core\tests\IO\Psr7\ChunkedFilteredStreamFactoryTest.php" tests="1" assertions="1" errors="0" warnings="0" failures="0" skipped="0" time="0.000322">
        <testcase name="testClassExists" class="Slothsoft\Core\IO\Psr7\ChunkedFilteredStreamFactoryTest" classname="Slothsoft.Core.IO.Psr7.ChunkedFilteredStreamFactoryTest" file="C:\Users\Daniel.KDG\Desktop\Eclipse\slothsoft-core\tests\IO\Psr7\ChunkedFilteredStreamFactoryTest.php" line="16" assertions="1" time="0.000322"/>
      </testsuite>
      <testsuite name="Slothsoft\Core\IO\Psr7\ChunkedFilteredStreamTest" file="C:\Users\Daniel.KDG\Desktop\Eclipse\slothsoft-core\tests\IO\Psr7\ChunkedFilteredStreamTest.php" tests="1" assertions="1" errors="0" warnings="0" failures="0" skipped="0" time="0.000059">
        <testcase name="testClassExists" class="Slothsoft\Core\IO\Psr7\ChunkedFilteredStreamTest" classname="Slothsoft.Core.IO.Psr7.ChunkedFilteredStreamTest" file="C:\Users\Daniel.KDG\Desktop\Eclipse\slothsoft-core\tests\IO\Psr7\ChunkedFilteredStreamTest.php" line="16" assertions="1" time="0.000059"/>
      </testsuite>
      <testsuite name="Slothsoft\Core\IO\Psr7\GeneratorStreamTest" file="C:\Users\Daniel.KDG\Desktop\Eclipse\slothsoft-core\tests\IO\Psr7\GeneratorStreamTest.php" tests="1" assertions="1" errors="0" warnings="0" failures="0" skipped="0" time="0.000253">
        <testcase name="testClassExists" class="Slothsoft\Core\IO\Psr7\GeneratorStreamTest" classname="Slothsoft.Core.IO.Psr7.GeneratorStreamTest" file="C:\Users\Daniel.KDG\Desktop\Eclipse\slothsoft-core\tests\IO\Psr7\GeneratorStreamTest.php" line="16" assertions="1" time="0.000253"/>
      </testsuite>
      <testsuite name="Slothsoft\Core\IO\Psr7\ProcessStreamTest" file="C:\Users\Daniel.KDG\Desktop\Eclipse\slothsoft-core\tests\IO\Psr7\ProcessStreamTest.php" tests="1" assertions="1" errors="0" warnings="0" failures="0" skipped="0" time="0.000277">
        <testcase name="testClassExists" class="Slothsoft\Core\IO\Psr7\ProcessStreamTest" classname="Slothsoft.Core.IO.Psr7.ProcessStreamTest" file="C:\Users\Daniel.KDG\Desktop\Eclipse\slothsoft-core\tests\IO\Psr7\ProcessStreamTest.php" line="16" assertions="1" time="0.000277"/>
      </testsuite>
      <testsuite name="Slothsoft\Core\IO\Psr7\StreamHelperTest" file="C:\Users\Daniel.KDG\Desktop\Eclipse\slothsoft-core\tests\IO\Psr7\StreamHelperTest.php" tests="1" assertions="1" errors="0" warnings="0" failures="0" skipped="0" time="0.000245">
        <testcase name="testClassExists" class="Slothsoft\Core\IO\Psr7\StreamHelperTest" classname="Slothsoft.Core.IO.Psr7.StreamHelperTest" file="C:\Users\Daniel.KDG\Desktop\Eclipse\slothsoft-core\tests\IO\Psr7\StreamHelperTest.php" line="16" assertions="1" time="0.000245"/>
      </testsuite>
      <testsuite name="Slothsoft\Core\IO\Psr7\WaitingStreamTest" file="C:\Users\Daniel.KDG\Desktop\Eclipse\slothsoft-core\tests\IO\Psr7\WaitingStreamTest.php" tests="1" assertions="1" errors="0" warnings="0" failures="0" skipped="0" time="0.000227">
        <testcase name="testClassExists" class="Slothsoft\Core\IO\Psr7\WaitingStreamTest" classname="Slothsoft.Core.IO.Psr7.WaitingStreamTest" file="C:\Users\Daniel.KDG\Desktop\Eclipse\slothsoft-core\tests\IO\Psr7\WaitingStreamTest.php" line="16" assertions="1" time="0.000227"/>
      </testsuite>
      <testsuite name="Slothsoft\Core\IO\Psr7\ZlibDeflateFilteredStreamTest" file="C:\Users\Daniel.KDG\Desktop\Eclipse\slothsoft-core\tests\IO\Psr7\ZlibDeflateFilteredStreamTest.php" tests="1" assertions="1" errors="0" warnings="0" failures="0" skipped="0" time="0.000055">
        <testcase name="testClassExists" class="Slothsoft\Core\IO\Psr7\ZlibDeflateFilteredStreamTest" classname="Slothsoft.Core.IO.Psr7.ZlibDeflateFilteredStreamTest" file="C:\Users\Daniel.KDG\Desktop\Eclipse\slothsoft-core\tests\IO\Psr7\ZlibDeflateFilteredStreamTest.php" line="16" assertions="1" time="0.000055"/>
      </testsuite>
      <testsuite name="Slothsoft\Core\IO\Psr7\ZlibFilteredStreamFactoryTest" file="C:\Users\Daniel.KDG\Desktop\Eclipse\slothsoft-core\tests\IO\Psr7\ZlibFilteredStreamFactoryTest.php" tests="1" assertions="1" errors="0" warnings="0" failures="0" skipped="0" time="0.000196">
        <testcase name="testClassExists" class="Slothsoft\Core\IO\Psr7\ZlibFilteredStreamFactoryTest" classname="Slothsoft.Core.IO.Psr7.ZlibFilteredStreamFactoryTest" file="C:\Users\Daniel.KDG\Desktop\Eclipse\slothsoft-core\tests\IO\Psr7\ZlibFilteredStreamFactoryTest.php" line="16" assertions="1" time="0.000196"/>
      </testsuite>
      <testsuite name="Slothsoft\Core\IO\Psr7\ZlibFilteredStreamTest" file="C:\Users\Daniel.KDG\Desktop\Eclipse\slothsoft-core\tests\IO\Psr7\ZlibFilteredStreamTest.php" tests="1" assertions="1" errors="0" warnings="0" failures="0" skipped="0" time="0.000206">
        <testcase name="testClassExists" class="Slothsoft\Core\IO\Psr7\ZlibFilteredStreamTest" classname="Slothsoft.Core.IO.Psr7.ZlibFilteredStreamTest" file="C:\Users\Daniel.KDG\Desktop\Eclipse\slothsoft-core\tests\IO\Psr7\ZlibFilteredStreamTest.php" line="16" assertions="1" time="0.000206"/>
      </testsuite>
      <testsuite name="Slothsoft\Core\IO\Psr7\ZlibGzipFilteredStreamTest" file="C:\Users\Daniel.KDG\Desktop\Eclipse\slothsoft-core\tests\IO\Psr7\ZlibGzipFilteredStreamTest.php" tests="1" assertions="1" errors="0" warnings="0" failures="0" skipped="0" time="0.000053">
        <testcase name="testClassExists" class="Slothsoft\Core\IO\Psr7\ZlibGzipFilteredStreamTest" classname="Slothsoft.Core.IO.Psr7.ZlibGzipFilteredStreamTest" file="C:\Users\Daniel.KDG\Desktop\Eclipse\slothsoft-core\tests\IO\Psr7\ZlibGzipFilteredStreamTest.php" line="16" assertions="1" time="0.000053"/>
      </testsuite>
      <testsuite name="Slothsoft\Core\IO\Readable\ChunkReaderInterfaceTest" file="C:\Users\Daniel.KDG\Desktop\Eclipse\slothsoft-core\tests\IO\Readable\ChunkReaderInterfaceTest.php" tests="1" assertions="1" errors="0" warnings="0" failures="0" skipped="0" time="0.000225">
        <testcase name="testInterfaceExists" class="Slothsoft\Core\IO\Readable\ChunkReaderInterfaceTest" classname="Slothsoft.Core.IO.Readable.ChunkReaderInterfaceTest" file="C:\Users\Daniel.KDG\Desktop\Eclipse\slothsoft-core\tests\IO\Readable\ChunkReaderInterfaceTest.php" line="16" assertions="1" time="0.000225"/>
      </testsuite>
      <testsuite name="Slothsoft\Core\IO\Readable\DOMReaderInterfaceTest" file="C:\Users\Daniel.KDG\Desktop\Eclipse\slothsoft-core\tests\IO\Readable\DOMReaderInterfaceTest.php" tests="1" assertions="1" errors="0" warnings="0" failures="0" skipped="0" time="0.000185">
        <testcase name="testInterfaceExists" class="Slothsoft\Core\IO\Readable\DOMReaderInterfaceTest" classname="Slothsoft.Core.IO.Readable.DOMReaderInterfaceTest" file="C:\Users\Daniel.KDG\Desktop\Eclipse\slothsoft-core\tests\IO\Readable\DOMReaderInterfaceTest.php" line="16" assertions="1" time="0.000185"/>
      </testsuite>
      <testsuite name="Slothsoft\Core\IO\Readable\FileReaderInterfaceTest" file="C:\Users\Daniel.KDG\Desktop\Eclipse\slothsoft-core\tests\IO\Readable\FileReaderInterfaceTest.php" tests="1" assertions="1" errors="0" warnings="0" failures="0" skipped="0" time="0.000247">
        <testcase name="testInterfaceExists" class="Slothsoft\Core\IO\Readable\FileReaderInterfaceTest" classname="Slothsoft.Core.IO.Readable.FileReaderInterfaceTest" file="C:\Users\Daniel.KDG\Desktop\Eclipse\slothsoft-core\tests\IO\Readable\FileReaderInterfaceTest.php" line="16" assertions="1" time="0.000247"/>
      </testsuite>
      <testsuite name="Slothsoft\Core\IO\Readable\StreamReaderInterfaceTest" file="C:\Users\Daniel.KDG\Desktop\Eclipse\slothsoft-core\tests\IO\Readable\StreamReaderInterfaceTest.php" tests="1" assertions="1" errors="0" warnings="0" failures="0" skipped="0" time="0.000185">
        <testcase name="testInterfaceExists" class="Slothsoft\Core\IO\Readable\StreamReaderInterfaceTest" classname="Slothsoft.Core.IO.Readable.StreamReaderInterfaceTest" file="C:\Users\Daniel.KDG\Desktop\Eclipse\slothsoft-core\tests\IO\Readable\StreamReaderInterfaceTest.php" line="16" assertions="1" time="0.000185"/>
      </testsuite>
      <testsuite name="Slothsoft\Core\IO\RecursiveFileIteratorTest" file="C:\Users\Daniel.KDG\Desktop\Eclipse\slothsoft-core\tests\IO\RecursiveFileIteratorTest.php" tests="1" assertions="1" errors="0" warnings="0" failures="0" skipped="0" time="0.000220">
        <testcase name="testClassExists" class="Slothsoft\Core\IO\RecursiveFileIteratorTest" classname="Slothsoft.Core.IO.RecursiveFileIteratorTest" file="C:\Users\Daniel.KDG\Desktop\Eclipse\slothsoft-core\tests\IO\RecursiveFileIteratorTest.php" line="16" assertions="1" time="0.000220"/>
      </testsuite>
      <testsuite name="Slothsoft\Core\IO\Sanitizer\ArraySanitizerTest" file="C:\Users\Daniel.KDG\Desktop\Eclipse\slothsoft-core\tests\IO\Sanitizer\ArraySanitizerTest.php" tests="1" assertions="1" errors="0" warnings="0" failures="0" skipped="0" time="0.000362">
        <testcase name="testClassExists" class="Slothsoft\Core\IO\Sanitizer\ArraySanitizerTest" classname="Slothsoft.Core.IO.Sanitizer.ArraySanitizerTest" file="C:\Users\Daniel.KDG\Desktop\Eclipse\slothsoft-core\tests\IO\Sanitizer\ArraySanitizerTest.php" line="16" assertions="1" time="0.000362"/>
      </testsuite>
      <testsuite name="Slothsoft\Core\IO\Sanitizer\FileNameSanitizerTest" file="C:\Users\Daniel.KDG\Desktop\Eclipse\slothsoft-core\tests\IO\Sanitizer\FileNameSanitizerTest.php" tests="1" assertions="1" errors="0" warnings="0" failures="0" skipped="0" time="0.000199">
        <testcase name="testClassExists" class="Slothsoft\Core\IO\Sanitizer\FileNameSanitizerTest" classname="Slothsoft.Core.IO.Sanitizer.FileNameSanitizerTest" file="C:\Users\Daniel.KDG\Desktop\Eclipse\slothsoft-core\tests\IO\Sanitizer\FileNameSanitizerTest.php" line="16" assertions="1" time="0.000199"/>
      </testsuite>
      <testsuite name="Slothsoft\Core\IO\Sanitizer\IntegerSanitizerTest" file="C:\Users\Daniel.KDG\Desktop\Eclipse\slothsoft-core\tests\IO\Sanitizer\IntegerSanitizerTest.php" tests="1" assertions="1" errors="0" warnings="0" failures="0" skipped="0" time="0.000199">
        <testcase name="testClassExists" class="Slothsoft\Core\IO\Sanitizer\IntegerSanitizerTest" classname="Slothsoft.Core.IO.Sanitizer.IntegerSanitizerTest" file="C:\Users\Daniel.KDG\Desktop\Eclipse\slothsoft-core\tests\IO\Sanitizer\IntegerSanitizerTest.php" line="16" assertions="1" time="0.000199"/>
      </testsuite>
      <testsuite name="Slothsoft\Core\IO\Sanitizer\SanitizerInterfaceTest" file="C:\Users\Daniel.KDG\Desktop\Eclipse\slothsoft-core\tests\IO\Sanitizer\SanitizerInterfaceTest.php" tests="1" assertions="1" errors="0" warnings="0" failures="0" skipped="0" time="0.000053">
        <testcase name="testInterfaceExists" class="Slothsoft\Core\IO\Sanitizer\SanitizerInterfaceTest" classname="Slothsoft.Core.IO.Sanitizer.SanitizerInterfaceTest" file="C:\Users\Daniel.KDG\Desktop\Eclipse\slothsoft-core\tests\IO\Sanitizer\SanitizerInterfaceTest.php" line="16" assertions="1" time="0.000053"/>
      </testsuite>
      <testsuite name="Slothsoft\Core\IO\Sanitizer\StringSanitizerTest" file="C:\Users\Daniel.KDG\Desktop\Eclipse\slothsoft-core\tests\IO\Sanitizer\StringSanitizerTest.php" tests="1" assertions="1" errors="0" warnings="0" failures="0" skipped="0" time="0.000198">
        <testcase name="testClassExists" class="Slothsoft\Core\IO\Sanitizer\StringSanitizerTest" classname="Slothsoft.Core.IO.Sanitizer.StringSanitizerTest" file="C:\Users\Daniel.KDG\Desktop\Eclipse\slothsoft-core\tests\IO\Sanitizer\StringSanitizerTest.php" line="16" assertions="1" time="0.000198"/>
      </testsuite>
      <testsuite name="Slothsoft\Core\IO\Sanitizer\TokenSanitizerTest" file="C:\Users\Daniel.KDG\Desktop\Eclipse\slothsoft-core\tests\IO\Sanitizer\TokenSanitizerTest.php" tests="1" assertions="1" errors="0" warnings="0" failures="0" skipped="0" time="0.000206">
        <testcase name="testClassExists" class="Slothsoft\Core\IO\Sanitizer\TokenSanitizerTest" classname="Slothsoft.Core.IO.Sanitizer.TokenSanitizerTest" file="C:\Users\Daniel.KDG\Desktop\Eclipse\slothsoft-core\tests\IO\Sanitizer\TokenSanitizerTest.php" line="16" assertions="1" time="0.000206"/>
      </testsuite>
      <testsuite name="Slothsoft\Core\IO\Writable\Adapter\ChunkWriterFromFileWriterTest" file="C:\Users\Daniel.KDG\Desktop\Eclipse\slothsoft-core\tests\IO\Writable\Adapter\ChunkWriterFromFileWriterTest.php" tests="1" assertions="1" errors="0" warnings="0" failures="0" skipped="0" time="0.000370">
        <testcase name="testClassExists" class="Slothsoft\Core\IO\Writable\Adapter\ChunkWriterFromFileWriterTest" classname="Slothsoft.Core.IO.Writable.Adapter.ChunkWriterFromFileWriterTest" file="C:\Users\Daniel.KDG\Desktop\Eclipse\slothsoft-core\tests\IO\Writable\Adapter\ChunkWriterFromFileWriterTest.php" line="16" assertions="1" time="0.000370"/>
      </testsuite>
      <testsuite name="Slothsoft\Core\IO\Writable\Adapter\ChunkWriterFromGeneratorTest" file="C:\Users\Daniel.KDG\Desktop\Eclipse\slothsoft-core\tests\IO\Writable\Adapter\ChunkWriterFromGeneratorTest.php" tests="3" assertions="5" errors="0" warnings="0" failures="0" skipped="0" time="0.000277">
        <testcase name="testClassExists" class="Slothsoft\Core\IO\Writable\Adapter\ChunkWriterFromGeneratorTest" classname="Slothsoft.Core.IO.Writable.Adapter.ChunkWriterFromGeneratorTest" file="C:\Users\Daniel.KDG\Desktop\Eclipse\slothsoft-core\tests\IO\Writable\Adapter\ChunkWriterFromGeneratorTest.php" line="14" assertions="1" time="0.000189"/>
        <testsuite name="Slothsoft\Core\IO\Writable\Adapter\ChunkWriterFromGeneratorTest::testToChunks" tests="2" assertions="4" errors="0" warnings="0" failures="0" skipped="0" time="0.000088">
          <testcase name="testToChunks with data set #0" class="Slothsoft\Core\IO\Writable\Adapter\ChunkWriterFromGeneratorTest" classname="Slothsoft.Core.IO.Writable.Adapter.ChunkWriterFromGeneratorTest" file="C:\Users\Daniel.KDG\Desktop\Eclipse\slothsoft-core\tests\IO\Writable\Adapter\ChunkWriterFromGeneratorTest.php" line="23" assertions="2" time="0.000074"/>
          <testcase name="testToChunks with data set #1" class="Slothsoft\Core\IO\Writable\Adapter\ChunkWriterFromGeneratorTest" classname="Slothsoft.Core.IO.Writable.Adapter.ChunkWriterFromGeneratorTest" file="C:\Users\Daniel.KDG\Desktop\Eclipse\slothsoft-core\tests\IO\Writable\Adapter\ChunkWriterFromGeneratorTest.php" line="23" assertions="2" time="0.000014"/>
        </testsuite>
      </testsuite>
      <testsuite name="Slothsoft\Core\IO\Writable\Adapter\ChunkWriterFromProcessTest" file="C:\Users\Daniel.KDG\Desktop\Eclipse\slothsoft-core\tests\IO\Writable\Adapter\ChunkWriterFromProcessTest.php" tests="1" assertions="1" errors="0" warnings="0" failures="0" skipped="0" time="0.000213">
        <testcase name="testClassExists" class="Slothsoft\Core\IO\Writable\Adapter\ChunkWriterFromProcessTest" classname="Slothsoft.Core.IO.Writable.Adapter.ChunkWriterFromProcessTest" file="C:\Users\Daniel.KDG\Desktop\Eclipse\slothsoft-core\tests\IO\Writable\Adapter\ChunkWriterFromProcessTest.php" line="16" assertions="1" time="0.000213"/>
      </testsuite>
      <testsuite name="Slothsoft\Core\IO\Writable\Adapter\ChunkWriterFromStreamWriterTest" file="C:\Users\Daniel.KDG\Desktop\Eclipse\slothsoft-core\tests\IO\Writable\Adapter\ChunkWriterFromStreamWriterTest.php" tests="1" assertions="1" errors="0" warnings="0" failures="0" skipped="0" time="0.000202">
        <testcase name="testClassExists" class="Slothsoft\Core\IO\Writable\Adapter\ChunkWriterFromStreamWriterTest" classname="Slothsoft.Core.IO.Writable.Adapter.ChunkWriterFromStreamWriterTest" file="C:\Users\Daniel.KDG\Desktop\Eclipse\slothsoft-core\tests\IO\Writable\Adapter\ChunkWriterFromStreamWriterTest.php" line="16" assertions="1" time="0.000202"/>
      </testsuite>
      <testsuite name="Slothsoft\Core\IO\Writable\Adapter\ChunkWriterFromStringWriterTest" file="C:\Users\Daniel.KDG\Desktop\Eclipse\slothsoft-core\tests\IO\Writable\Adapter\ChunkWriterFromStringWriterTest.php" tests="1" assertions="1" errors="0" warnings="0" failures="0" skipped="0" time="0.000198">
        <testcase name="testClassExists" class="Slothsoft\Core\IO\Writable\Adapter\ChunkWriterFromStringWriterTest" classname="Slothsoft.Core.IO.Writable.Adapter.ChunkWriterFromStringWriterTest" file="C:\Users\Daniel.KDG\Desktop\Eclipse\slothsoft-core\tests\IO\Writable\Adapter\ChunkWriterFromStringWriterTest.php" line="16" assertions="1" time="0.000198"/>
      </testsuite>
      <testsuite name="Slothsoft\Core\IO\Writable\Adapter\DOMWriterFromFileWriterTest" file="C:\Users\Daniel.KDG\Desktop\Eclipse\slothsoft-core\tests\IO\Writable\Adapter\DOMWriterFromFileWriterTest.php" tests="1" assertions="1" errors="0" warnings="0" failures="0" skipped="0" time="0.000515">
        <testcase name="testClassExists" class="Slothsoft\Core\IO\Writable\Adapter\DOMWriterFromFileWriterTest" classname="Slothsoft.Core.IO.Writable.Adapter.DOMWriterFromFileWriterTest" file="C:\Users\Daniel.KDG\Desktop\Eclipse\slothsoft-core\tests\IO\Writable\Adapter\DOMWriterFromFileWriterTest.php" line="16" assertions="1" time="0.000515"/>
      </testsuite>
      <testsuite name="Slothsoft\Core\IO\Writable\Adapter\DOMWriterFromStringWriterTest" file="C:\Users\Daniel.KDG\Desktop\Eclipse\slothsoft-core\tests\IO\Writable\Adapter\DOMWriterFromStringWriterTest.php" tests="1" assertions="1" errors="0" warnings="0" failures="0" skipped="0" time="0.000200">
        <testcase name="testClassExists" class="Slothsoft\Core\IO\Writable\Adapter\DOMWriterFromStringWriterTest" classname="Slothsoft.Core.IO.Writable.Adapter.DOMWriterFromStringWriterTest" file="C:\Users\Daniel.KDG\Desktop\Eclipse\slothsoft-core\tests\IO\Writable\Adapter\DOMWriterFromStringWriterTest.php" line="16" assertions="1" time="0.000200"/>
      </testsuite>
      <testsuite name="Slothsoft\Core\IO\Writable\Adapter\FileWriterFromStringWriterTest" file="C:\Users\Daniel.KDG\Desktop\Eclipse\slothsoft-core\tests\IO\Writable\Adapter\FileWriterFromStringWriterTest.php" tests="1" assertions="1" errors="0" warnings="0" failures="0" skipped="0" time="0.000197">
        <testcase name="testClassExists" class="Slothsoft\Core\IO\Writable\Adapter\FileWriterFromStringWriterTest" classname="Slothsoft.Core.IO.Writable.Adapter.FileWriterFromStringWriterTest" file="C:\Users\Daniel.KDG\Desktop\Eclipse\slothsoft-core\tests\IO\Writable\Adapter\FileWriterFromStringWriterTest.php" line="16" assertions="1" time="0.000197"/>
      </testsuite>
      <testsuite name="Slothsoft\Core\IO\Writable\Adapter\StreamWriterFromChunkWriterTest" file="C:\Users\Daniel.KDG\Desktop\Eclipse\slothsoft-core\tests\IO\Writable\Adapter\StreamWriterFromChunkWriterTest.php" tests="1" assertions="1" errors="0" warnings="0" failures="0" skipped="0" time="0.000326">
        <testcase name="testClassExists" class="Slothsoft\Core\IO\Writable\Adapter\StreamWriterFromChunkWriterTest" classname="Slothsoft.Core.IO.Writable.Adapter.StreamWriterFromChunkWriterTest" file="C:\Users\Daniel.KDG\Desktop\Eclipse\slothsoft-core\tests\IO\Writable\Adapter\StreamWriterFromChunkWriterTest.php" line="16" assertions="1" time="0.000326"/>
      </testsuite>
      <testsuite name="Slothsoft\Core\IO\Writable\Adapter\StreamWriterFromFileWriterTest" file="C:\Users\Daniel.KDG\Desktop\Eclipse\slothsoft-core\tests\IO\Writable\Adapter\StreamWriterFromFileWriterTest.php" tests="1" assertions="1" errors="0" warnings="0" failures="0" skipped="0" time="0.000200">
        <testcase name="testClassExists" class="Slothsoft\Core\IO\Writable\Adapter\StreamWriterFromFileWriterTest" classname="Slothsoft.Core.IO.Writable.Adapter.StreamWriterFromFileWriterTest" file="C:\Users\Daniel.KDG\Desktop\Eclipse\slothsoft-core\tests\IO\Writable\Adapter\StreamWriterFromFileWriterTest.php" line="16" assertions="1" time="0.000200"/>
      </testsuite>
      <testsuite name="Slothsoft\Core\IO\Writable\Adapter\StreamWriterFromStringWriterTest" file="C:\Users\Daniel.KDG\Desktop\Eclipse\slothsoft-core\tests\IO\Writable\Adapter\StreamWriterFromStringWriterTest.php" tests="1" assertions="1" errors="0" warnings="0" failures="0" skipped="0" time="0.000213">
        <testcase name="testClassExists" class="Slothsoft\Core\IO\Writable\Adapter\StreamWriterFromStringWriterTest" classname="Slothsoft.Core.IO.Writable.Adapter.StreamWriterFromStringWriterTest" file="C:\Users\Daniel.KDG\Desktop\Eclipse\slothsoft-core\tests\IO\Writable\Adapter\StreamWriterFromStringWriterTest.php" line="16" assertions="1" time="0.000213"/>
      </testsuite>
      <testsuite name="Slothsoft\Core\IO\Writable\Adapter\StringWriterFromChunkWriterTest" file="C:\Users\Daniel.KDG\Desktop\Eclipse\slothsoft-core\tests\IO\Writable\Adapter\StringWriterFromChunkWriterTest.php" tests="1" assertions="1" errors="0" warnings="0" failures="0" skipped="0" time="0.000206">
        <testcase name="testClassExists" class="Slothsoft\Core\IO\Writable\Adapter\StringWriterFromChunkWriterTest" classname="Slothsoft.Core.IO.Writable.Adapter.StringWriterFromChunkWriterTest" file="C:\Users\Daniel.KDG\Desktop\Eclipse\slothsoft-core\tests\IO\Writable\Adapter\StringWriterFromChunkWriterTest.php" line="16" assertions="1" time="0.000206"/>
      </testsuite>
      <testsuite name="Slothsoft\Core\IO\Writable\Adapter\StringWriterFromDOMWriterTest" file="C:\Users\Daniel.KDG\Desktop\Eclipse\slothsoft-core\tests\IO\Writable\Adapter\StringWriterFromDOMWriterTest.php" tests="1" assertions="1" errors="0" warnings="0" failures="0" skipped="0" time="0.000194">
        <testcase name="testClassExists" class="Slothsoft\Core\IO\Writable\Adapter\StringWriterFromDOMWriterTest" classname="Slothsoft.Core.IO.Writable.Adapter.StringWriterFromDOMWriterTest" file="C:\Users\Daniel.KDG\Desktop\Eclipse\slothsoft-core\tests\IO\Writable\Adapter\StringWriterFromDOMWriterTest.php" line="16" assertions="1" time="0.000194"/>
      </testsuite>
      <testsuite name="Slothsoft\Core\IO\Writable\Adapter\StringWriterFromFileWriterTest" file="C:\Users\Daniel.KDG\Desktop\Eclipse\slothsoft-core\tests\IO\Writable\Adapter\StringWriterFromFileWriterTest.php" tests="1" assertions="1" errors="0" warnings="0" failures="0" skipped="0" time="0.000199">
        <testcase name="testClassExists" class="Slothsoft\Core\IO\Writable\Adapter\StringWriterFromFileWriterTest" classname="Slothsoft.Core.IO.Writable.Adapter.StringWriterFromFileWriterTest" file="C:\Users\Daniel.KDG\Desktop\Eclipse\slothsoft-core\tests\IO\Writable\Adapter\StringWriterFromFileWriterTest.php" line="16" assertions="1" time="0.000199"/>
      </testsuite>
      <testsuite name="Slothsoft\Core\IO\Writable\Adapter\StringWriterFromStreamWriterTest" file="C:\Users\Daniel.KDG\Desktop\Eclipse\slothsoft-core\tests\IO\Writable\Adapter\StringWriterFromStreamWriterTest.php" tests="1" assertions="1" errors="0" warnings="0" failures="0" skipped="0" time="0.000195">
        <testcase name="testClassExists" class="Slothsoft\Core\IO\Writable\Adapter\StringWriterFromStreamWriterTest" classname="Slothsoft.Core.IO.Writable.Adapter.StringWriterFromStreamWriterTest" file="C:\Users\Daniel.KDG\Desktop\Eclipse\slothsoft-core\tests\IO\Writable\Adapter\StringWriterFromStreamWriterTest.php" line="16" assertions="1" time="0.000195"/>
      </testsuite>
      <testsuite name="Slothsoft\Core\IO\Writable\ChunkWriterInterfaceTest" file="C:\Users\Daniel.KDG\Desktop\Eclipse\slothsoft-core\tests\IO\Writable\ChunkWriterInterfaceTest.php" tests="1" assertions="1" errors="0" warnings="0" failures="0" skipped="0" time="0.000053">
        <testcase name="testInterfaceExists" class="Slothsoft\Core\IO\Writable\ChunkWriterInterfaceTest" classname="Slothsoft.Core.IO.Writable.ChunkWriterInterfaceTest" file="C:\Users\Daniel.KDG\Desktop\Eclipse\slothsoft-core\tests\IO\Writable\ChunkWriterInterfaceTest.php" line="16" assertions="1" time="0.000053"/>
      </testsuite>
      <testsuite name="Slothsoft\Core\IO\Writable\DOMWriterInterfaceTest" file="C:\Users\Daniel.KDG\Desktop\Eclipse\slothsoft-core\tests\IO\Writable\DOMWriterInterfaceTest.php" tests="1" assertions="1" errors="0" warnings="0" failures="0" skipped="0" time="0.000052">
        <testcase name="testInterfaceExists" class="Slothsoft\Core\IO\Writable\DOMWriterInterfaceTest" classname="Slothsoft.Core.IO.Writable.DOMWriterInterfaceTest" file="C:\Users\Daniel.KDG\Desktop\Eclipse\slothsoft-core\tests\IO\Writable\DOMWriterInterfaceTest.php" line="16" assertions="1" time="0.000052"/>
      </testsuite>
      <testsuite name="Slothsoft\Core\IO\Writable\Decorators\ChunkWriterFileCacheTest" file="C:\Users\Daniel.KDG\Desktop\Eclipse\slothsoft-core\tests\IO\Writable\Decorators\ChunkWriterFileCacheTest.php" tests="1" assertions="1" errors="0" warnings="0" failures="0" skipped="0" time="0.000284">
        <testcase name="testClassExists" class="Slothsoft\Core\IO\Writable\Decorators\ChunkWriterFileCacheTest" classname="Slothsoft.Core.IO.Writable.Decorators.ChunkWriterFileCacheTest" file="C:\Users\Daniel.KDG\Desktop\Eclipse\slothsoft-core\tests\IO\Writable\Decorators\ChunkWriterFileCacheTest.php" line="16" assertions="1" time="0.000284"/>
      </testsuite>
      <testsuite name="Slothsoft\Core\IO\Writable\Decorators\ChunkWriterMemoryCacheTest" file="C:\Users\Daniel.KDG\Desktop\Eclipse\slothsoft-core\tests\IO\Writable\Decorators\ChunkWriterMemoryCacheTest.php" tests="1" assertions="1" errors="0" warnings="0" failures="0" skipped="0" time="0.000204">
        <testcase name="testClassExists" class="Slothsoft\Core\IO\Writable\Decorators\ChunkWriterMemoryCacheTest" classname="Slothsoft.Core.IO.Writable.Decorators.ChunkWriterMemoryCacheTest" file="C:\Users\Daniel.KDG\Desktop\Eclipse\slothsoft-core\tests\IO\Writable\Decorators\ChunkWriterMemoryCacheTest.php" line="16" assertions="1" time="0.000204"/>
      </testsuite>
      <testsuite name="Slothsoft\Core\IO\Writable\Decorators\DOMWriterFileCacheTest" file="C:\Users\Daniel.KDG\Desktop\Eclipse\slothsoft-core\tests\IO\Writable\Decorators\DOMWriterFileCacheTest.php" tests="1" assertions="1" errors="0" warnings="0" failures="0" skipped="0" time="0.000233">
        <testcase name="testClassExists" class="Slothsoft\Core\IO\Writable\Decorators\DOMWriterFileCacheTest" classname="Slothsoft.Core.IO.Writable.Decorators.DOMWriterFileCacheTest" file="C:\Users\Daniel.KDG\Desktop\Eclipse\slothsoft-core\tests\IO\Writable\Decorators\DOMWriterFileCacheTest.php" line="16" assertions="1" time="0.000233"/>
      </testsuite>
      <testsuite name="Slothsoft\Core\IO\Writable\Decorators\DOMWriterMemoryCacheTest" file="C:\Users\Daniel.KDG\Desktop\Eclipse\slothsoft-core\tests\IO\Writable\Decorators\DOMWriterMemoryCacheTest.php" tests="1" assertions="1" errors="0" warnings="0" failures="0" skipped="0" time="0.000198">
        <testcase name="testClassExists" class="Slothsoft\Core\IO\Writable\Decorators\DOMWriterMemoryCacheTest" classname="Slothsoft.Core.IO.Writable.Decorators.DOMWriterMemoryCacheTest" file="C:\Users\Daniel.KDG\Desktop\Eclipse\slothsoft-core\tests\IO\Writable\Decorators\DOMWriterMemoryCacheTest.php" line="16" assertions="1" time="0.000198"/>
      </testsuite>
      <testsuite name="Slothsoft\Core\IO\Writable\Decorators\FileWriterFileCacheTest" file="C:\Users\Daniel.KDG\Desktop\Eclipse\slothsoft-core\tests\IO\Writable\Decorators\FileWriterFileCacheTest.php" tests="1" assertions="1" errors="0" warnings="0" failures="0" skipped="0" time="0.000215">
        <testcase name="testClassExists" class="Slothsoft\Core\IO\Writable\Decorators\FileWriterFileCacheTest" classname="Slothsoft.Core.IO.Writable.Decorators.FileWriterFileCacheTest" file="C:\Users\Daniel.KDG\Desktop\Eclipse\slothsoft-core\tests\IO\Writable\Decorators\FileWriterFileCacheTest.php" line="16" assertions="1" time="0.000215"/>
      </testsuite>
      <testsuite name="Slothsoft\Core\IO\Writable\Decorators\FileWriterMemoryCacheTest" file="C:\Users\Daniel.KDG\Desktop\Eclipse\slothsoft-core\tests\IO\Writable\Decorators\FileWriterMemoryCacheTest.php" tests="1" assertions="1" errors="0" warnings="0" failures="0" skipped="0" time="0.000265">
        <testcase name="testClassExists" class="Slothsoft\Core\IO\Writable\Decorators\FileWriterMemoryCacheTest" classname="Slothsoft.Core.IO.Writable.Decorators.FileWriterMemoryCacheTest" file="C:\Users\Daniel.KDG\Desktop\Eclipse\slothsoft-core\tests\IO\Writable\Decorators\FileWriterMemoryCacheTest.php" line="16" assertions="1" time="0.000265"/>
      </testsuite>
      <testsuite name="Slothsoft\Core\IO\Writable\Decorators\StreamWriterMemoryCacheTest" file="C:\Users\Daniel.KDG\Desktop\Eclipse\slothsoft-core\tests\IO\Writable\Decorators\StreamWriterMemoryCacheTest.php" tests="1" assertions="1" errors="0" warnings="0" failures="0" skipped="0" time="0.000197">
        <testcase name="testClassExists" class="Slothsoft\Core\IO\Writable\Decorators\StreamWriterMemoryCacheTest" classname="Slothsoft.Core.IO.Writable.Decorators.StreamWriterMemoryCacheTest" file="C:\Users\Daniel.KDG\Desktop\Eclipse\slothsoft-core\tests\IO\Writable\Decorators\StreamWriterMemoryCacheTest.php" line="16" assertions="1" time="0.000197"/>
      </testsuite>
      <testsuite name="Slothsoft\Core\IO\Writable\Decorators\StringWriterMemoryCacheTest" file="C:\Users\Daniel.KDG\Desktop\Eclipse\slothsoft-core\tests\IO\Writable\Decorators\StringWriterMemoryCacheTest.php" tests="1" assertions="1" errors="0" warnings="0" failures="0" skipped="0" time="0.000195">
        <testcase name="testClassExists" class="Slothsoft\Core\IO\Writable\Decorators\StringWriterMemoryCacheTest" classname="Slothsoft.Core.IO.Writable.Decorators.StringWriterMemoryCacheTest" file="C:\Users\Daniel.KDG\Desktop\Eclipse\slothsoft-core\tests\IO\Writable\Decorators\StringWriterMemoryCacheTest.php" line="16" assertions="1" time="0.000195"/>
      </testsuite>
      <testsuite name="Slothsoft\Core\IO\Writable\Delegates\ChunkWriterFromChunkWriterDelegateTest" file="C:\Users\Daniel.KDG\Desktop\Eclipse\slothsoft-core\tests\IO\Writable\Delegates\ChunkWriterFromChunkWriterDelegateTest.php" tests="1" assertions="1" errors="0" warnings="0" failures="0" skipped="0" time="0.000253">
        <testcase name="testClassExists" class="Slothsoft\Core\IO\Writable\Delegates\ChunkWriterFromChunkWriterDelegateTest" classname="Slothsoft.Core.IO.Writable.Delegates.ChunkWriterFromChunkWriterDelegateTest" file="C:\Users\Daniel.KDG\Desktop\Eclipse\slothsoft-core\tests\IO\Writable\Delegates\ChunkWriterFromChunkWriterDelegateTest.php" line="16" assertions="1" time="0.000253"/>
      </testsuite>
      <testsuite name="Slothsoft\Core\IO\Writable\Delegates\ChunkWriterFromChunksDelegateTest" file="C:\Users\Daniel.KDG\Desktop\Eclipse\slothsoft-core\tests\IO\Writable\Delegates\ChunkWriterFromChunksDelegateTest.php" tests="1" assertions="1" errors="0" warnings="0" failures="0" skipped="0" time="0.000203">
        <testcase name="testClassExists" class="Slothsoft\Core\IO\Writable\Delegates\ChunkWriterFromChunksDelegateTest" classname="Slothsoft.Core.IO.Writable.Delegates.ChunkWriterFromChunksDelegateTest" file="C:\Users\Daniel.KDG\Desktop\Eclipse\slothsoft-core\tests\IO\Writable\Delegates\ChunkWriterFromChunksDelegateTest.php" line="16" assertions="1" time="0.000203"/>
      </testsuite>
      <testsuite name="Slothsoft\Core\IO\Writable\Delegates\DOMWriterFromDOMWriterDelegateTest" file="C:\Users\Daniel.KDG\Desktop\Eclipse\slothsoft-core\tests\IO\Writable\Delegates\DOMWriterFromDOMWriterDelegateTest.php" tests="1" assertions="1" errors="0" warnings="0" failures="0" skipped="0" time="0.000223">
        <testcase name="testClassExists" class="Slothsoft\Core\IO\Writable\Delegates\DOMWriterFromDOMWriterDelegateTest" classname="Slothsoft.Core.IO.Writable.Delegates.DOMWriterFromDOMWriterDelegateTest" file="C:\Users\Daniel.KDG\Desktop\Eclipse\slothsoft-core\tests\IO\Writable\Delegates\DOMWriterFromDOMWriterDelegateTest.php" line="16" assertions="1" time="0.000223"/>
      </testsuite>
      <testsuite name="Slothsoft\Core\IO\Writable\Delegates\DOMWriterFromDocumentDelegateTest" file="C:\Users\Daniel.KDG\Desktop\Eclipse\slothsoft-core\tests\IO\Writable\Delegates\DOMWriterFromDocumentDelegateTest.php" tests="1" assertions="1" errors="0" warnings="0" failures="0" skipped="0" time="0.000202">
        <testcase name="testClassExists" class="Slothsoft\Core\IO\Writable\Delegates\DOMWriterFromDocumentDelegateTest" classname="Slothsoft.Core.IO.Writable.Delegates.DOMWriterFromDocumentDelegateTest" file="C:\Users\Daniel.KDG\Desktop\Eclipse\slothsoft-core\tests\IO\Writable\Delegates\DOMWriterFromDocumentDelegateTest.php" line="16" assertions="1" time="0.000202"/>
      </testsuite>
      <testsuite name="Slothsoft\Core\IO\Writable\Delegates\DOMWriterFromElementDelegateTest" file="C:\Users\Daniel.KDG\Desktop\Eclipse\slothsoft-core\tests\IO\Writable\Delegates\DOMWriterFromElementDelegateTest.php" tests="1" assertions="1" errors="0" warnings="0" failures="0" skipped="0" time="0.000349">
        <testcase name="testClassExists" class="Slothsoft\Core\IO\Writable\Delegates\DOMWriterFromElementDelegateTest" classname="Slothsoft.Core.IO.Writable.Delegates.DOMWriterFromElementDelegateTest" file="C:\Users\Daniel.KDG\Desktop\Eclipse\slothsoft-core\tests\IO\Writable\Delegates\DOMWriterFromElementDelegateTest.php" line="16" assertions="1" time="0.000349"/>
      </testsuite>
      <testsuite name="Slothsoft\Core\IO\Writable\Delegates\FileWriterFromFileDelegateTest" file="C:\Users\Daniel.KDG\Desktop\Eclipse\slothsoft-core\tests\IO\Writable\Delegates\FileWriterFromFileDelegateTest.php" tests="1" assertions="1" errors="0" warnings="0" failures="0" skipped="0" time="0.000201">
        <testcase name="testClassExists" class="Slothsoft\Core\IO\Writable\Delegates\FileWriterFromFileDelegateTest" classname="Slothsoft.Core.IO.Writable.Delegates.FileWriterFromFileDelegateTest" file="C:\Users\Daniel.KDG\Desktop\Eclipse\slothsoft-core\tests\IO\Writable\Delegates\FileWriterFromFileDelegateTest.php" line="16" assertions="1" time="0.000201"/>
      </testsuite>
      <testsuite name="Slothsoft\Core\IO\Writable\Delegates\StreamWriterFromStreamDelegateTest" file="C:\Users\Daniel.KDG\Desktop\Eclipse\slothsoft-core\tests\IO\Writable\Delegates\StreamWriterFromStreamDelegateTest.php" tests="1" assertions="1" errors="0" warnings="0" failures="0" skipped="0" time="0.000198">
        <testcase name="testClassExists" class="Slothsoft\Core\IO\Writable\Delegates\StreamWriterFromStreamDelegateTest" classname="Slothsoft.Core.IO.Writable.Delegates.StreamWriterFromStreamDelegateTest" file="C:\Users\Daniel.KDG\Desktop\Eclipse\slothsoft-core\tests\IO\Writable\Delegates\StreamWriterFromStreamDelegateTest.php" line="16" assertions="1" time="0.000198"/>
      </testsuite>
      <testsuite name="Slothsoft\Core\IO\Writable\Delegates\StringWriterFromStringDelegateTest" file="C:\Users\Daniel.KDG\Desktop\Eclipse\slothsoft-core\tests\IO\Writable\Delegates\StringWriterFromStringDelegateTest.php" tests="1" assertions="1" errors="0" warnings="0" failures="0" skipped="0" time="0.000200">
        <testcase name="testClassExists" class="Slothsoft\Core\IO\Writable\Delegates\StringWriterFromStringDelegateTest" classname="Slothsoft.Core.IO.Writable.Delegates.StringWriterFromStringDelegateTest" file="C:\Users\Daniel.KDG\Desktop\Eclipse\slothsoft-core\tests\IO\Writable\Delegates\StringWriterFromStringDelegateTest.php" line="16" assertions="1" time="0.000200"/>
      </testsuite>
      <testsuite name="Slothsoft\Core\IO\Writable\FileWriterInterfaceTest" file="C:\Users\Daniel.KDG\Desktop\Eclipse\slothsoft-core\tests\IO\Writable\FileWriterInterfaceTest.php" tests="1" assertions="1" errors="0" warnings="0" failures="0" skipped="0" time="0.000052">
        <testcase name="testInterfaceExists" class="Slothsoft\Core\IO\Writable\FileWriterInterfaceTest" classname="Slothsoft.Core.IO.Writable.FileWriterInterfaceTest" file="C:\Users\Daniel.KDG\Desktop\Eclipse\slothsoft-core\tests\IO\Writable\FileWriterInterfaceTest.php" line="16" assertions="1" time="0.000052"/>
      </testsuite>
      <testsuite name="Slothsoft\Core\IO\Writable\FilteredStreamWriterInterfaceTest" file="C:\Users\Daniel.KDG\Desktop\Eclipse\slothsoft-core\tests\IO\Writable\FilteredStreamWriterInterfaceTest.php" tests="1" assertions="1" errors="0" warnings="0" failures="0" skipped="0" time="0.000052">
        <testcase name="testInterfaceExists" class="Slothsoft\Core\IO\Writable\FilteredStreamWriterInterfaceTest" classname="Slothsoft.Core.IO.Writable.FilteredStreamWriterInterfaceTest" file="C:\Users\Daniel.KDG\Desktop\Eclipse\slothsoft-core\tests\IO\Writable\FilteredStreamWriterInterfaceTest.php" line="16" assertions="1" time="0.000052"/>
      </testsuite>
      <testsuite name="Slothsoft\Core\IO\Writable\Mergers\ChunkWriterMergerTest" file="C:\Users\Daniel.KDG\Desktop\Eclipse\slothsoft-core\tests\IO\Writable\Mergers\ChunkWriterMergerTest.php" tests="1" assertions="1" errors="0" warnings="0" failures="0" skipped="0" time="0.000226">
        <testcase name="testClassExists" class="Slothsoft\Core\IO\Writable\Mergers\ChunkWriterMergerTest" classname="Slothsoft.Core.IO.Writable.Mergers.ChunkWriterMergerTest" file="C:\Users\Daniel.KDG\Desktop\Eclipse\slothsoft-core\tests\IO\Writable\Mergers\ChunkWriterMergerTest.php" line="16" assertions="1" time="0.000226"/>
      </testsuite>
      <testsuite name="Slothsoft\Core\IO\Writable\StreamWriterInterfaceTest" file="C:\Users\Daniel.KDG\Desktop\Eclipse\slothsoft-core\tests\IO\Writable\StreamWriterInterfaceTest.php" tests="1" assertions="1" errors="0" warnings="0" failures="0" skipped="0" time="0.000053">
        <testcase name="testInterfaceExists" class="Slothsoft\Core\IO\Writable\StreamWriterInterfaceTest" classname="Slothsoft.Core.IO.Writable.StreamWriterInterfaceTest" file="C:\Users\Daniel.KDG\Desktop\Eclipse\slothsoft-core\tests\IO\Writable\StreamWriterInterfaceTest.php" line="16" assertions="1" time="0.000053"/>
      </testsuite>
      <testsuite name="Slothsoft\Core\IO\Writable\StringWriterInterfaceTest" file="C:\Users\Daniel.KDG\Desktop\Eclipse\slothsoft-core\tests\IO\Writable\StringWriterInterfaceTest.php" tests="1" assertions="1" errors="0" warnings="0" failures="0" skipped="0" time="0.000052">
        <testcase name="testInterfaceExists" class="Slothsoft\Core\IO\Writable\StringWriterInterfaceTest" classname="Slothsoft.Core.IO.Writable.StringWriterInterfaceTest" file="C:\Users\Daniel.KDG\Desktop\Eclipse\slothsoft-core\tests\IO\Writable\StringWriterInterfaceTest.php" line="16" assertions="1" time="0.000052"/>
      </testsuite>
      <testsuite name="Slothsoft\Core\IO\Writable\Traits\DOMWriterDocumentFromElementTraitTest" file="C:\Users\Daniel.KDG\Desktop\Eclipse\slothsoft-core\tests\IO\Writable\Traits\DOMWriterDocumentFromElementTraitTest.php" tests="1" assertions="1" errors="0" warnings="0" failures="0" skipped="0" time="0.000055">
        <testcase name="testTraitExists" class="Slothsoft\Core\IO\Writable\Traits\DOMWriterDocumentFromElementTraitTest" classname="Slothsoft.Core.IO.Writable.Traits.DOMWriterDocumentFromElementTraitTest" file="C:\Users\Daniel.KDG\Desktop\Eclipse\slothsoft-core\tests\IO\Writable\Traits\DOMWriterDocumentFromElementTraitTest.php" line="16" assertions="1" time="0.000055"/>
      </testsuite>
      <testsuite name="Slothsoft\Core\IO\Writable\Traits\DOMWriterElementFromDocumentTraitTest" file="C:\Users\Daniel.KDG\Desktop\Eclipse\slothsoft-core\tests\IO\Writable\Traits\DOMWriterElementFromDocumentTraitTest.php" tests="1" assertions="1" errors="0" warnings="0" failures="0" skipped="0" time="0.000054">
        <testcase name="testTraitExists" class="Slothsoft\Core\IO\Writable\Traits\DOMWriterElementFromDocumentTraitTest" classname="Slothsoft.Core.IO.Writable.Traits.DOMWriterElementFromDocumentTraitTest" file="C:\Users\Daniel.KDG\Desktop\Eclipse\slothsoft-core\tests\IO\Writable\Traits\DOMWriterElementFromDocumentTraitTest.php" line="16" assertions="1" time="0.000054"/>
      </testsuite>
      <testsuite name="Slothsoft\Core\ImageHelperTest" file="C:\Users\Daniel.KDG\Desktop\Eclipse\slothsoft-core\tests\ImageHelperTest.php" tests="1" assertions="1" errors="0" warnings="0" failures="0" skipped="0" time="0.000251">
        <testcase name="testClassExists" class="Slothsoft\Core\ImageHelperTest" classname="Slothsoft.Core.ImageHelperTest" file="C:\Users\Daniel.KDG\Desktop\Eclipse\slothsoft-core\tests\ImageHelperTest.php" line="16" assertions="1" time="0.000251"/>
      </testsuite>
      <testsuite name="Slothsoft\Core\ImageTest" file="C:\Users\Daniel.KDG\Desktop\Eclipse\slothsoft-core\tests\ImageTest.php" tests="1" assertions="1" errors="0" warnings="0" failures="0" skipped="0" time="0.000464">
        <testcase name="testClassExists" class="Slothsoft\Core\ImageTest" classname="Slothsoft.Core.ImageTest" file="C:\Users\Daniel.KDG\Desktop\Eclipse\slothsoft-core\tests\ImageTest.php" line="16" assertions="1" time="0.000464"/>
      </testsuite>
      <testsuite name="Slothsoft\Core\InterExecTest" file="C:\Users\Daniel.KDG\Desktop\Eclipse\slothsoft-core\tests\InterExecTest.php" tests="1" assertions="1" errors="0" warnings="0" failures="0" skipped="0" time="0.000339">
        <testcase name="testClassExists" class="Slothsoft\Core\InterExecTest" classname="Slothsoft.Core.InterExecTest" file="C:\Users\Daniel.KDG\Desktop\Eclipse\slothsoft-core\tests\InterExecTest.php" line="16" assertions="1" time="0.000339"/>
      </testsuite>
      <testsuite name="Slothsoft\Core\MimeTypeDictionaryTest" file="C:\Users\Daniel.KDG\Desktop\Eclipse\slothsoft-core\tests\MimeTypeDictionaryTest.php" tests="20" assertions="30" errors="0" warnings="0" failures="0" skipped="0" time="0.000974">
[...]
      </testsuite>
      <testsuite name="Slothsoft\Core\StorageTest" file="C:\Users\Daniel.KDG\Desktop\Eclipse\slothsoft-core\tests\StorageTest.php" tests="2" assertions="2" errors="0" warnings="0" failures="0" skipped="0" time="1.015063">
        <testcase name="testClassExists" class="Slothsoft\Core\StorageTest" classname="Slothsoft.Core.StorageTest" file="C:\Users\Daniel.KDG\Desktop\Eclipse\slothsoft-core\tests\StorageTest.php" line="16" assertions="1" time="0.000691"/>
        <testcase name="testExists" class="Slothsoft\Core\StorageTest" classname="Slothsoft.Core.StorageTest" file="C:\Users\Daniel.KDG\Desktop\Eclipse\slothsoft-core\tests\StorageTest.php" line="20" assertions="1" time="1.014371"/>
      </testsuite>
      <testsuite name="Slothsoft\Core\StreamFilter\AbstractStreamFilterTestTest" file="C:\Users\Daniel.KDG\Desktop\Eclipse\slothsoft-core\tests\StreamFilter\AbstractStreamFilterTestTest.php" tests="1" assertions="1" errors="0" warnings="0" failures="0" skipped="0" time="0.000064">
        <testcase name="testClassExists" class="Slothsoft\Core\StreamFilter\AbstractStreamFilterTestTest" classname="Slothsoft.Core.StreamFilter.AbstractStreamFilterTestTest" file="C:\Users\Daniel.KDG\Desktop\Eclipse\slothsoft-core\tests\StreamFilter\AbstractStreamFilterTestTest.php" line="16" assertions="1" time="0.000064"/>
      </testsuite>
      <testsuite name="Slothsoft\Core\StreamFilter\ChunkEncodeTest" file="C:\Users\Daniel.KDG\Desktop\Eclipse\slothsoft-core\tests\StreamFilter\ChunkEncodeTest.php" tests="4" assertions="4" errors="0" warnings="0" failures="0" skipped="0" time="0.003614">
        <testcase name="testWriteToResource" class="Slothsoft\Core\StreamFilter\ChunkEncodeTest" classname="Slothsoft.Core.StreamFilter.ChunkEncodeTest" file="C:\Users\Daniel.KDG\Desktop\Eclipse\slothsoft-core\tests\StreamFilter\ChunkEncodeTest.php" line="32" assertions="1" time="0.001573"/>
        <testcase name="testWriteToPath" class="Slothsoft\Core\StreamFilter\ChunkEncodeTest" classname="Slothsoft.Core.StreamFilter.ChunkEncodeTest" file="C:\Users\Daniel.KDG\Desktop\Eclipse\slothsoft-core\tests\StreamFilter\ChunkEncodeTest.php" line="43" assertions="1" time="0.000709"/>
        <testcase name="testReadFromResource" class="Slothsoft\Core\StreamFilter\ChunkEncodeTest" classname="Slothsoft.Core.StreamFilter.ChunkEncodeTest" file="C:\Users\Daniel.KDG\Desktop\Eclipse\slothsoft-core\tests\StreamFilter\ChunkEncodeTest.php" line="52" assertions="1" time="0.000656"/>
        <testcase name="testReadFromPath" class="Slothsoft\Core\StreamFilter\ChunkEncodeTest" classname="Slothsoft.Core.StreamFilter.ChunkEncodeTest" file="C:\Users\Daniel.KDG\Desktop\Eclipse\slothsoft-core\tests\StreamFilter\ChunkEncodeTest.php" line="63" assertions="1" time="0.000676"/>
      </testsuite>
      <testsuite name="Slothsoft\Core\StreamFilter\IdentityTest" file="C:\Users\Daniel.KDG\Desktop\Eclipse\slothsoft-core\tests\StreamFilter\IdentityTest.php" tests="1" assertions="1" errors="0" warnings="0" failures="0" skipped="0" time="0.000218">
        <testcase name="testClassExists" class="Slothsoft\Core\StreamFilter\IdentityTest" classname="Slothsoft.Core.StreamFilter.IdentityTest" file="C:\Users\Daniel.KDG\Desktop\Eclipse\slothsoft-core\tests\StreamFilter\IdentityTest.php" line="16" assertions="1" time="0.000218"/>
      </testsuite>
      <testsuite name="Slothsoft\Core\StreamFilter\StreamFilterBaseTest" file="C:\Users\Daniel.KDG\Desktop\Eclipse\slothsoft-core\tests\StreamFilter\StreamFilterBaseTest.php" tests="1" assertions="1" errors="0" warnings="0" failures="0" skipped="0" time="0.000056">
        <testcase name="testClassExists" class="Slothsoft\Core\StreamFilter\StreamFilterBaseTest" classname="Slothsoft.Core.StreamFilter.StreamFilterBaseTest" file="C:\Users\Daniel.KDG\Desktop\Eclipse\slothsoft-core\tests\StreamFilter\StreamFilterBaseTest.php" line="16" assertions="1" time="0.000056"/>
      </testsuite>
      <testsuite name="Slothsoft\Core\StreamFilter\StreamFilterInterfaceTest" file="C:\Users\Daniel.KDG\Desktop\Eclipse\slothsoft-core\tests\StreamFilter\StreamFilterInterfaceTest.php" tests="1" assertions="1" errors="0" warnings="0" failures="0" skipped="0" time="0.000054">
        <testcase name="testInterfaceExists" class="Slothsoft\Core\StreamFilter\StreamFilterInterfaceTest" classname="Slothsoft.Core.StreamFilter.StreamFilterInterfaceTest" file="C:\Users\Daniel.KDG\Desktop\Eclipse\slothsoft-core\tests\StreamFilter\StreamFilterInterfaceTest.php" line="16" assertions="1" time="0.000054"/>
      </testsuite>
      <testsuite name="Slothsoft\Core\StreamFilter\ZlibEncodeBaseTest" file="C:\Users\Daniel.KDG\Desktop\Eclipse\slothsoft-core\tests\StreamFilter\ZlibEncodeBaseTest.php" tests="1" assertions="1" errors="0" warnings="0" failures="0" skipped="0" time="0.000207">
        <testcase name="testClassExists" class="Slothsoft\Core\StreamFilter\ZlibEncodeBaseTest" classname="Slothsoft.Core.StreamFilter.ZlibEncodeBaseTest" file="C:\Users\Daniel.KDG\Desktop\Eclipse\slothsoft-core\tests\StreamFilter\ZlibEncodeBaseTest.php" line="16" assertions="1" time="0.000207"/>
      </testsuite>
      <testsuite name="Slothsoft\Core\StreamFilter\ZlibEncodeDeflateTest" file="C:\Users\Daniel.KDG\Desktop\Eclipse\slothsoft-core\tests\StreamFilter\ZlibEncodeDeflateTest.php" tests="4" assertions="4" errors="0" warnings="0" failures="0" skipped="0" time="0.002994">
        <testcase name="testWriteToResource" class="Slothsoft\Core\StreamFilter\ZlibEncodeDeflateTest" classname="Slothsoft.Core.StreamFilter.ZlibEncodeDeflateTest" file="C:\Users\Daniel.KDG\Desktop\Eclipse\slothsoft-core\tests\StreamFilter\ZlibEncodeDeflateTest.php" line="32" assertions="1" time="0.000935"/>
        <testcase name="testWriteToPath" class="Slothsoft\Core\StreamFilter\ZlibEncodeDeflateTest" classname="Slothsoft.Core.StreamFilter.ZlibEncodeDeflateTest" file="C:\Users\Daniel.KDG\Desktop\Eclipse\slothsoft-core\tests\StreamFilter\ZlibEncodeDeflateTest.php" line="43" assertions="1" time="0.000702"/>
        <testcase name="testReadFromResource" class="Slothsoft\Core\StreamFilter\ZlibEncodeDeflateTest" classname="Slothsoft.Core.StreamFilter.ZlibEncodeDeflateTest" file="C:\Users\Daniel.KDG\Desktop\Eclipse\slothsoft-core\tests\StreamFilter\ZlibEncodeDeflateTest.php" line="52" assertions="1" time="0.000662"/>
        <testcase name="testReadFromPath" class="Slothsoft\Core\StreamFilter\ZlibEncodeDeflateTest" classname="Slothsoft.Core.StreamFilter.ZlibEncodeDeflateTest" file="C:\Users\Daniel.KDG\Desktop\Eclipse\slothsoft-core\tests\StreamFilter\ZlibEncodeDeflateTest.php" line="63" assertions="1" time="0.000695"/>
      </testsuite>
      <testsuite name="Slothsoft\Core\StreamFilter\ZlibEncodeGzipTest" file="C:\Users\Daniel.KDG\Desktop\Eclipse\slothsoft-core\tests\StreamFilter\ZlibEncodeGzipTest.php" tests="4" assertions="4" errors="0" warnings="0" failures="0" skipped="0" time="0.002843">
        <testcase name="testWriteToResource" class="Slothsoft\Core\StreamFilter\ZlibEncodeGzipTest" classname="Slothsoft.Core.StreamFilter.ZlibEncodeGzipTest" file="C:\Users\Daniel.KDG\Desktop\Eclipse\slothsoft-core\tests\StreamFilter\ZlibEncodeGzipTest.php" line="32" assertions="1" time="0.000835"/>
        <testcase name="testWriteToPath" class="Slothsoft\Core\StreamFilter\ZlibEncodeGzipTest" classname="Slothsoft.Core.StreamFilter.ZlibEncodeGzipTest" file="C:\Users\Daniel.KDG\Desktop\Eclipse\slothsoft-core\tests\StreamFilter\ZlibEncodeGzipTest.php" line="43" assertions="1" time="0.000679"/>
        <testcase name="testReadFromResource" class="Slothsoft\Core\StreamFilter\ZlibEncodeGzipTest" classname="Slothsoft.Core.StreamFilter.ZlibEncodeGzipTest" file="C:\Users\Daniel.KDG\Desktop\Eclipse\slothsoft-core\tests\StreamFilter\ZlibEncodeGzipTest.php" line="52" assertions="1" time="0.000657"/>
        <testcase name="testReadFromPath" class="Slothsoft\Core\StreamFilter\ZlibEncodeGzipTest" classname="Slothsoft.Core.StreamFilter.ZlibEncodeGzipTest" file="C:\Users\Daniel.KDG\Desktop\Eclipse\slothsoft-core\tests\StreamFilter\ZlibEncodeGzipTest.php" line="63" assertions="1" time="0.000671"/>
      </testsuite>
      <testsuite name="Slothsoft\Core\StreamWrapper\FileStreamWrapperTest" file="C:\Users\Daniel.KDG\Desktop\Eclipse\slothsoft-core\tests\StreamWrapper\FileStreamWrapperTest.php" tests="1" assertions="1" errors="0" warnings="0" failures="0" skipped="0" time="0.000534">
        <testcase name="testClassExists" class="Slothsoft\Core\StreamWrapper\FileStreamWrapperTest" classname="Slothsoft.Core.StreamWrapper.FileStreamWrapperTest" file="C:\Users\Daniel.KDG\Desktop\Eclipse\slothsoft-core\tests\StreamWrapper\FileStreamWrapperTest.php" line="16" assertions="1" time="0.000534"/>
      </testsuite>
      <testsuite name="Slothsoft\Core\StreamWrapper\Psr7StreamWrapperTest" file="C:\Users\Daniel.KDG\Desktop\Eclipse\slothsoft-core\tests\StreamWrapper\Psr7StreamWrapperTest.php" tests="1" assertions="1" errors="0" warnings="0" failures="0" skipped="0" time="0.000224">
        <testcase name="testClassExists" class="Slothsoft\Core\StreamWrapper\Psr7StreamWrapperTest" classname="Slothsoft.Core.StreamWrapper.Psr7StreamWrapperTest" file="C:\Users\Daniel.KDG\Desktop\Eclipse\slothsoft-core\tests\StreamWrapper\Psr7StreamWrapperTest.php" line="16" assertions="1" time="0.000224"/>
      </testsuite>
      <testsuite name="Slothsoft\Core\StreamWrapper\ResourceStreamWrapperTest" file="C:\Users\Daniel.KDG\Desktop\Eclipse\slothsoft-core\tests\StreamWrapper\ResourceStreamWrapperTest.php" tests="1" assertions="1" errors="0" warnings="0" failures="0" skipped="0" time="0.000054">
        <testcase name="testClassExists" class="Slothsoft\Core\StreamWrapper\ResourceStreamWrapperTest" classname="Slothsoft.Core.StreamWrapper.ResourceStreamWrapperTest" file="C:\Users\Daniel.KDG\Desktop\Eclipse\slothsoft-core\tests\StreamWrapper\ResourceStreamWrapperTest.php" line="16" assertions="1" time="0.000054"/>
      </testsuite>
      <testsuite name="Slothsoft\Core\StreamWrapper\StreamWrapperFactoryInterfaceTest" file="C:\Users\Daniel.KDG\Desktop\Eclipse\slothsoft-core\tests\StreamWrapper\StreamWrapperFactoryInterfaceTest.php" tests="1" assertions="1" errors="0" warnings="0" failures="0" skipped="0" time="0.000234">
        <testcase name="testInterfaceExists" class="Slothsoft\Core\StreamWrapper\StreamWrapperFactoryInterfaceTest" classname="Slothsoft.Core.StreamWrapper.StreamWrapperFactoryInterfaceTest" file="C:\Users\Daniel.KDG\Desktop\Eclipse\slothsoft-core\tests\StreamWrapper\StreamWrapperFactoryInterfaceTest.php" line="16" assertions="1" time="0.000234"/>
      </testsuite>
      <testsuite name="Slothsoft\Core\StreamWrapper\StreamWrapperInterfaceTest" file="C:\Users\Daniel.KDG\Desktop\Eclipse\slothsoft-core\tests\StreamWrapper\StreamWrapperInterfaceTest.php" tests="1" assertions="1" errors="0" warnings="0" failures="0" skipped="0" time="0.000055">
        <testcase name="testInterfaceExists" class="Slothsoft\Core\StreamWrapper\StreamWrapperInterfaceTest" classname="Slothsoft.Core.StreamWrapper.StreamWrapperInterfaceTest" file="C:\Users\Daniel.KDG\Desktop\Eclipse\slothsoft-core\tests\StreamWrapper\StreamWrapperInterfaceTest.php" line="16" assertions="1" time="0.000055"/>
      </testsuite>
      <testsuite name="Slothsoft\Core\StreamWrapper\StreamWrapperRegistrarTest" file="C:\Users\Daniel.KDG\Desktop\Eclipse\slothsoft-core\tests\StreamWrapper\StreamWrapperRegistrarTest.php" tests="1" assertions="1" errors="0" warnings="0" failures="0" skipped="0" time="0.000266">
        <testcase name="testClassExists" class="Slothsoft\Core\StreamWrapper\StreamWrapperRegistrarTest" classname="Slothsoft.Core.StreamWrapper.StreamWrapperRegistrarTest" file="C:\Users\Daniel.KDG\Desktop\Eclipse\slothsoft-core\tests\StreamWrapper\StreamWrapperRegistrarTest.php" line="16" assertions="1" time="0.000266"/>
      </testsuite>
      <testsuite name="Slothsoft\Core\WebCrawlerTest" file="C:\Users\Daniel.KDG\Desktop\Eclipse\slothsoft-core\tests\WebCrawlerTest.php" tests="1" assertions="1" errors="0" warnings="0" failures="0" skipped="0" time="0.000343">
        <testcase name="testClassExists" class="Slothsoft\Core\WebCrawlerTest" classname="Slothsoft.Core.WebCrawlerTest" file="C:\Users\Daniel.KDG\Desktop\Eclipse\slothsoft-core\tests\WebCrawlerTest.php" line="16" assertions="1" time="0.000343"/>
      </testsuite>
      <testsuite name="Slothsoft\Core\XMLHttpRequestTest" file="C:\Users\Daniel.KDG\Desktop\Eclipse\slothsoft-core\tests\XMLHttpRequestTest.php" tests="1" assertions="1" errors="0" warnings="0" failures="0" skipped="0" time="0.001141">
        <testcase name="testContructor" class="Slothsoft\Core\XMLHttpRequestTest" classname="Slothsoft.Core.XMLHttpRequestTest" file="C:\Users\Daniel.KDG\Desktop\Eclipse\slothsoft-core\tests\XMLHttpRequestTest.php" line="9" assertions="1" time="0.001141"/>
      </testsuite>
      <testsuite name="Slothsoft\Core\XML\LeanElementTest" file="C:\Users\Daniel.KDG\Desktop\Eclipse\slothsoft-core\tests\XML\LeanElementTest.php" tests="5" assertions="5" errors="0" warnings="0" failures="0" skipped="0" time="0.000585">
        <testcase name="testClassExists" class="Slothsoft\Core\XML\LeanElementTest" classname="Slothsoft.Core.XML.LeanElementTest" file="C:\Users\Daniel.KDG\Desktop\Eclipse\slothsoft-core\tests\XML\LeanElementTest.php" line="16" assertions="1" time="0.000327"/>
        <testcase name="testThatTagGetsSerialized" class="Slothsoft\Core\XML\LeanElementTest" classname="Slothsoft.Core.XML.LeanElementTest" file="C:\Users\Daniel.KDG\Desktop\Eclipse\slothsoft-core\tests\XML\LeanElementTest.php" line="20" assertions="1" time="0.000084"/>
        <testcase name="testThatAttributeGetsSerialized" class="Slothsoft\Core\XML\LeanElementTest" classname="Slothsoft.Core.XML.LeanElementTest" file="C:\Users\Daniel.KDG\Desktop\Eclipse\slothsoft-core\tests\XML\LeanElementTest.php" line="30" assertions="1" time="0.000060"/>
        <testcase name="testThatChildGetsSerialized" class="Slothsoft\Core\XML\LeanElementTest" classname="Slothsoft.Core.XML.LeanElementTest" file="C:\Users\Daniel.KDG\Desktop\Eclipse\slothsoft-core\tests\XML\LeanElementTest.php" line="43" assertions="1" time="0.000061"/>
        <testcase name="testGetChildByTag" class="Slothsoft\Core\XML\LeanElementTest" classname="Slothsoft.Core.XML.LeanElementTest" file="C:\Users\Daniel.KDG\Desktop\Eclipse\slothsoft-core\tests\XML\LeanElementTest.php" line="62" assertions="1" time="0.000054"/>
      </testsuite>
      <testsuite name="Slothsoft\Core\XSLT\Adapters\AdapterInterfaceTest" file="C:\Users\Daniel.KDG\Desktop\Eclipse\slothsoft-core\tests\XSLT\Adapters\AdapterInterfaceTest.php" tests="1" assertions="1" errors="0" warnings="0" failures="0" skipped="0" time="0.000053">
        <testcase name="testInterfaceExists" class="Slothsoft\Core\XSLT\Adapters\AdapterInterfaceTest" classname="Slothsoft.Core.XSLT.Adapters.AdapterInterfaceTest" file="C:\Users\Daniel.KDG\Desktop\Eclipse\slothsoft-core\tests\XSLT\Adapters\AdapterInterfaceTest.php" line="16" assertions="1" time="0.000053"/>
      </testsuite>
      <testsuite name="Slothsoft\Core\XSLT\Adapters\CliAdapterTest" file="C:\Users\Daniel.KDG\Desktop\Eclipse\slothsoft-core\tests\XSLT\Adapters\CliAdapterTest.php" tests="1" assertions="1" errors="0" warnings="0" failures="0" skipped="0" time="0.000285">
        <testcase name="testClassExists" class="Slothsoft\Core\XSLT\Adapters\CliAdapterTest" classname="Slothsoft.Core.XSLT.Adapters.CliAdapterTest" file="C:\Users\Daniel.KDG\Desktop\Eclipse\slothsoft-core\tests\XSLT\Adapters\CliAdapterTest.php" line="16" assertions="1" time="0.000285"/>
      </testsuite>
      <testsuite name="Slothsoft\Core\XSLT\Adapters\GenericAdapterTest" file="C:\Users\Daniel.KDG\Desktop\Eclipse\slothsoft-core\tests\XSLT\Adapters\GenericAdapterTest.php" tests="1" assertions="1" errors="0" warnings="0" failures="0" skipped="0" time="0.000053">
        <testcase name="testClassExists" class="Slothsoft\Core\XSLT\Adapters\GenericAdapterTest" classname="Slothsoft.Core.XSLT.Adapters.GenericAdapterTest" file="C:\Users\Daniel.KDG\Desktop\Eclipse\slothsoft-core\tests\XSLT\Adapters\GenericAdapterTest.php" line="16" assertions="1" time="0.000053"/>
      </testsuite>
      <testsuite name="Slothsoft\Core\XSLT\Adapters\SaxonProcessorAdapterTest" file="C:\Users\Daniel.KDG\Desktop\Eclipse\slothsoft-core\tests\XSLT\Adapters\SaxonProcessorAdapterTest.php" tests="1" assertions="1" errors="0" warnings="0" failures="0" skipped="0" time="0.000209">
        <testcase name="testClassExists" class="Slothsoft\Core\XSLT\Adapters\SaxonProcessorAdapterTest" classname="Slothsoft.Core.XSLT.Adapters.SaxonProcessorAdapterTest" file="C:\Users\Daniel.KDG\Desktop\Eclipse\slothsoft-core\tests\XSLT\Adapters\SaxonProcessorAdapterTest.php" line="16" assertions="1" time="0.000209"/>
      </testsuite>
      <testsuite name="Slothsoft\Core\XSLT\Adapters\XsltProcessorAdapterTest" file="C:\Users\Daniel.KDG\Desktop\Eclipse\slothsoft-core\tests\XSLT\Adapters\XsltProcessorAdapterTest.php" tests="1" assertions="1" errors="0" warnings="0" failures="0" skipped="0" time="0.000053">
        <testcase name="testClassExists" class="Slothsoft\Core\XSLT\Adapters\XsltProcessorAdapterTest" classname="Slothsoft.Core.XSLT.Adapters.XsltProcessorAdapterTest" file="C:\Users\Daniel.KDG\Desktop\Eclipse\slothsoft-core\tests\XSLT\Adapters\XsltProcessorAdapterTest.php" line="16" assertions="1" time="0.000053"/>
      </testsuite>
      <testsuite name="Slothsoft\Core\XSLT\Inputs\DocumentInputTest" file="C:\Users\Daniel.KDG\Desktop\Eclipse\slothsoft-core\tests\XSLT\Inputs\DocumentInputTest.php" tests="1" assertions="1" errors="0" warnings="0" failures="0" skipped="0" time="0.000057">
        <testcase name="testClassExists" class="Slothsoft\Core\XSLT\Inputs\DocumentInputTest" classname="Slothsoft.Core.XSLT.Inputs.DocumentInputTest" file="C:\Users\Daniel.KDG\Desktop\Eclipse\slothsoft-core\tests\XSLT\Inputs\DocumentInputTest.php" line="16" assertions="1" time="0.000057"/>
      </testsuite>
      <testsuite name="Slothsoft\Core\XSLT\Inputs\FileInputTest" file="C:\Users\Daniel.KDG\Desktop\Eclipse\slothsoft-core\tests\XSLT\Inputs\FileInputTest.php" tests="1" assertions="1" errors="0" warnings="0" failures="0" skipped="0" time="0.000231">
        <testcase name="testClassExists" class="Slothsoft\Core\XSLT\Inputs\FileInputTest" classname="Slothsoft.Core.XSLT.Inputs.FileInputTest" file="C:\Users\Daniel.KDG\Desktop\Eclipse\slothsoft-core\tests\XSLT\Inputs\FileInputTest.php" line="16" assertions="1" time="0.000231"/>
      </testsuite>
      <testsuite name="Slothsoft\Core\XSLT\Inputs\InputInterfaceTest" file="C:\Users\Daniel.KDG\Desktop\Eclipse\slothsoft-core\tests\XSLT\Inputs\InputInterfaceTest.php" tests="1" assertions="1" errors="0" warnings="0" failures="0" skipped="0" time="0.000054">
        <testcase name="testInterfaceExists" class="Slothsoft\Core\XSLT\Inputs\InputInterfaceTest" classname="Slothsoft.Core.XSLT.Inputs.InputInterfaceTest" file="C:\Users\Daniel.KDG\Desktop\Eclipse\slothsoft-core\tests\XSLT\Inputs\InputInterfaceTest.php" line="16" assertions="1" time="0.000054"/>
      </testsuite>
      <testsuite name="Slothsoft\Core\XSLT\XsltFactoryTest" file="C:\Users\Daniel.KDG\Desktop\Eclipse\slothsoft-core\tests\XSLT\XsltFactoryTest.php" tests="1" assertions="1" errors="0" warnings="0" failures="0" skipped="0" time="0.000052">
        <testcase name="testClassExists" class="Slothsoft\Core\XSLT\XsltFactoryTest" classname="Slothsoft.Core.XSLT.XsltFactoryTest" file="C:\Users\Daniel.KDG\Desktop\Eclipse\slothsoft-core\tests\XSLT\XsltFactoryTest.php" line="16" assertions="1" time="0.000052"/>
      </testsuite>
    </testsuite>
  </testsuite>
</testsuites>
